Logging started at 20250314-1354
NVIDIA RTX A6000
Process ID: 641077
Note: NumExpr detected 64 cores but "NUMEXPR_MAX_THREADS" not set, so enforcing safe limit of 8.
NumExpr defaulting to 8 threads.
Initial state shape: (27,)
Num steps: 10000    Return: 992.0   Time: 0:00:08
Num steps: 20000    Return: 367.8   Time: 0:01:56
Num steps: 30000    Return: 677.7   Time: 0:03:41
Num steps: 40000    Return: 487.2   Time: 0:05:28
Num steps: 50000    Return: 333.3   Time: 0:07:10
Num steps: 60000    Return: 294.1   Time: 0:08:56
Num steps: 70000    Return: 296.5   Time: 0:10:42
Num steps: 80000    Return: 290.1   Time: 0:12:32
Num steps: 90000    Return: 588.5   Time: 0:14:16
Num steps: 100000   Return: 820.3   Time: 0:16:05
Num steps: 110000   Return: 473.1   Time: 0:17:50
Num steps: 120000   Return: 967.8   Time: 0:19:36
Num steps: 130000   Return: 1191.0   Time: 0:21:12
Num steps: 140000   Return: 1488.2   Time: 0:22:48
Num steps: 150000   Return: 447.3   Time: 0:24:24
Num steps: 160000   Return: 999.2   Time: 0:25:52
Num steps: 170000   Return: 2508.0   Time: 0:27:24
Num steps: 180000   Return: 2112.3   Time: 0:28:59
Num steps: 190000   Return: 2055.7   Time: 0:30:27
Num steps: 200000   Return: 2535.2   Time: 0:32:00
Num steps: 210000   Return: 1671.5   Time: 0:33:30
Num steps: 220000   Return: 2675.3   Time: 0:34:55
Num steps: 230000   Return: 1546.7   Time: 0:36:25
Num steps: 240000   Return: 2022.8   Time: 0:38:04
Num steps: 250000   Return: 2126.0   Time: 0:39:35
Num steps: 260000   Return: 2516.5   Time: 0:41:05
Num steps: 270000   Return: 2318.9   Time: 0:42:36
Num steps: 280000   Return: 1507.3   Time: 0:44:10
Num steps: 290000   Return: 2252.6   Time: 0:45:44
Num steps: 300000   Return: 2846.0   Time: 0:47:27
Num steps: 310000   Return: 1391.6   Time: 0:49:08
Num steps: 320000   Return: 1887.2   Time: 0:50:46
Num steps: 330000   Return: 3169.9   Time: 0:52:21
Num steps: 340000   Return: 741.6   Time: 0:53:58
Num steps: 350000   Return: 3030.8   Time: 0:55:42
Num steps: 360000   Return: 3160.3   Time: 0:57:15
Num steps: 370000   Return: 2242.5   Time: 0:58:47
Num steps: 380000   Return: 3583.6   Time: 1:00:20
Num steps: 390000   Return: 3270.9   Time: 1:01:55
Num steps: 400000   Return: 3891.6   Time: 1:03:28
Num steps: 410000   Return: 3202.8   Time: 1:04:59
Num steps: 420000   Return: 2035.7   Time: 1:06:30
Num steps: 430000   Return: 2447.4   Time: 1:07:56
Num steps: 440000   Return: 3480.9   Time: 1:09:38
Num steps: 450000   Return: 3106.3   Time: 1:11:11
Num steps: 460000   Return: 3510.2   Time: 1:12:44
Num steps: 470000   Return: 4118.2   Time: 1:14:19
Num steps: 480000   Return: 4100.2   Time: 1:15:55
Num steps: 490000   Return: 3770.2   Time: 1:17:38
Num steps: 500000   Return: 3901.4   Time: 1:19:16
Num steps: 510000   Return: 4421.4   Time: 1:20:56
Num steps: 520000   Return: 3925.3   Time: 1:22:33
Num steps: 530000   Return: 3893.9   Time: 1:24:12
Num steps: 540000   Return: 3273.5   Time: 1:25:49
Num steps: 550000   Return: 2748.9   Time: 1:27:25
Num steps: 560000   Return: 4078.2   Time: 1:29:02
Num steps: 570000   Return: 3749.8   Time: 1:30:40
Num steps: 580000   Return: 4196.8   Time: 1:32:18
Num steps: 590000   Return: 3622.0   Time: 1:33:56
Num steps: 600000   Return: 4349.8   Time: 1:35:36
Num steps: 610000   Return: 3521.5   Time: 1:37:12
Num steps: 620000   Return: 3759.2   Time: 1:38:51
Num steps: 630000   Return: 4651.8   Time: 1:40:28
Num steps: 640000   Return: 4582.9   Time: 1:42:05
Num steps: 650000   Return: 4229.0   Time: 1:43:41
Num steps: 660000   Return: 4640.1   Time: 1:45:19
Num steps: 670000   Return: 3370.5   Time: 1:46:55
Num steps: 680000   Return: 4772.1   Time: 1:48:31
Num steps: 690000   Return: 4907.5   Time: 1:50:08
Num steps: 700000   Return: 4881.3   Time: 1:51:44
Num steps: 710000   Return: 5124.4   Time: 1:53:22
Num steps: 720000   Return: 4862.1   Time: 1:54:58
Num steps: 730000   Return: 4936.8   Time: 1:56:34
Num steps: 740000   Return: 4999.8   Time: 1:58:08
Num steps: 750000   Return: 4213.1   Time: 1:59:44
Num steps: 760000   Return: 2831.8   Time: 2:01:20
Num steps: 770000   Return: 4885.0   Time: 2:02:55
Num steps: 780000   Return: 3931.8   Time: 2:04:32
Num steps: 790000   Return: 4517.3   Time: 2:06:12
Num steps: 800000   Return: 4419.2   Time: 2:07:51
Num steps: 810000   Return: 3864.9   Time: 2:09:29
Num steps: 820000   Return: 5248.6   Time: 2:11:08
Num steps: 830000   Return: 5184.1   Time: 2:12:47
Num steps: 840000   Return: 5171.6   Time: 2:14:26
Num steps: 850000   Return: 4995.5   Time: 2:16:07
Num steps: 860000   Return: 5202.8   Time: 2:17:43
Num steps: 870000   Return: 4565.9   Time: 2:19:20
Num steps: 880000   Return: 4249.7   Time: 2:20:57
Num steps: 890000   Return: 5200.6   Time: 2:22:37
Num steps: 900000   Return: 5247.9   Time: 2:24:13
Num steps: 910000   Return: 5432.7   Time: 2:25:50
Num steps: 920000   Return: 5280.1   Time: 2:27:28
Num steps: 930000   Return: 4949.9   Time: 2:29:05
Num steps: 940000   Return: 5238.8   Time: 2:30:42
Num steps: 950000   Return: 4356.4   Time: 2:32:21
Num steps: 960000   Return: 5273.8   Time: 2:33:59
Num steps: 970000   Return: 5350.6   Time: 2:35:39
Num steps: 980000   Return: 4883.2   Time: 2:37:17
Num steps: 990000   Return: 5155.3   Time: 2:38:48
Num steps: 1000000   Return: 5007.8   Time: 2:40:18
