Logging started at 20250515-1608
NVIDIA RTX A6000
Process ID: 3086064
Env: StickInsect-v4, experts/StickInsect_states_v1.pt, experts/StickInsect_actions_v1.pt, Seed: 0
Rollout length: 3000
Num steps: 2000000, Eval interval: 10000
Gamma: 0.995, Mix buffer: 1, Batch size: 64
lr_actor: 0.0001, lr_critic: 0.0001, lr_disc: 0.0001
Units Actor: (64, 64), Units Critic: (64, 64)
Units Disc R: (100, 100), Units Disc V: (100, 100)
Epoch ppo: 50, Epoch disc: 1
Clip Epsc: 0.2, Lambda: 0.97, Coef Ent: 0.01, Max Grad Norm: 10.0
Load data states: (2749, 47), actions: (2749, 18)
Expert data states: (2748, 47), actions: (2748, 18)
Expert buffer size: 2748
Initial state shape: (47,)
[Debug] Reward mean: 11.8566, std: 1.1548
[Debug] Reward mean: 12.0065, std: 0.9783
[Debug] Reward mean: 12.0489, std: 0.9295
Num steps: 10000    Return: 3029.6   Time: 0:00:22
[Debug] Reward mean: 12.0790, std: 0.9103
[Debug] Reward mean: 12.0987, std: 0.8714
[Debug] Reward mean: 12.1044, std: 0.8589
Num steps: 20000    Return: 3005.5   Time: 0:00:43
[Debug] Reward mean: 12.0750, std: 0.8612
[Debug] Reward mean: 12.1394, std: 0.8282
[Debug] Reward mean: 12.0931, std: 0.8163
[Debug] Reward mean: 12.1492, std: 0.7700
Num steps: 30000    Return: 2977.4   Time: 0:01:05
[Debug] Reward mean: 12.1491, std: 0.7685
[Debug] Reward mean: 12.1305, std: 0.7690
[Debug] Reward mean: 12.1506, std: 0.7507
Num steps: 40000    Return: 3070.5   Time: 0:01:27
[Debug] Reward mean: 12.1785, std: 0.7439
[Debug] Reward mean: 12.1471, std: 0.7304
[Debug] Reward mean: 12.1749, std: 0.7164
Num steps: 50000    Return: 3025.8   Time: 0:01:48
[Debug] Reward mean: 12.1750, std: 0.6822
[Debug] Reward mean: 12.1929, std: 0.6784
[Debug] Reward mean: 12.1804, std: 0.6782
[Debug] Reward mean: 12.1754, std: 0.6770
Num steps: 60000    Return: 2994.1   Time: 0:02:09
[Debug] Reward mean: 12.1831, std: 0.6551
[Debug] Reward mean: 12.1875, std: 0.6280
[Debug] Reward mean: 12.1709, std: 0.6413
Num steps: 70000    Return: 3010.4   Time: 0:02:31
[Debug] Reward mean: 12.1649, std: 0.6491
[Debug] Reward mean: 12.1801, std: 0.6372
[Debug] Reward mean: 12.1700, std: 0.6155
Num steps: 80000    Return: 3042.0   Time: 0:02:52
[Debug] Reward mean: 12.1806, std: 0.6144
[Debug] Reward mean: 12.1903, std: 0.6081
[Debug] Reward mean: 12.1846, std: 0.5928
[Debug] Reward mean: 12.1819, std: 0.5738
Num steps: 90000    Return: 2974.7   Time: 0:03:14
[Debug] Reward mean: 12.1826, std: 0.5609
[Debug] Reward mean: 12.2081, std: 0.5443
[Debug] Reward mean: 12.1944, std: 0.5575
Num steps: 100000   Return: 3075.7   Time: 0:03:35
[Debug] Reward mean: 12.1852, std: 0.5463
[Debug] Reward mean: 12.2027, std: 0.5330
[Debug] Reward mean: 12.1899, std: 0.5607
Num steps: 110000   Return: 2986.3   Time: 0:03:56
[Debug] Reward mean: 12.1710, std: 0.5408
[Debug] Reward mean: 12.1641, std: 0.5517
[Debug] Reward mean: 12.1804, std: 0.5304
[Debug] Reward mean: 12.1723, std: 0.5246
Num steps: 120000   Return: 3045.7   Time: 0:04:18
[Debug] Reward mean: 12.1536, std: 0.5315
[Debug] Reward mean: 12.1724, std: 0.5309
[Debug] Reward mean: 12.1562, std: 0.5199
Num steps: 130000   Return: 3024.2   Time: 0:04:39
[Debug] Reward mean: 12.1704, std: 0.5165
[Debug] Reward mean: 12.1683, std: 0.5233
[Debug] Reward mean: 12.1608, std: 0.5021
Num steps: 140000   Return: 2971.8   Time: 0:05:01
[Debug] Reward mean: 12.1269, std: 0.4991
[Debug] Reward mean: 12.1456, std: 0.4889
[Debug] Reward mean: 12.1521, std: 0.5008
[Debug] Reward mean: 12.1613, std: 0.5274
Num steps: 150000   Return: 2986.2   Time: 0:05:22
[Debug] Reward mean: 12.1318, std: 0.4916
[Debug] Reward mean: 12.1281, std: 0.5017
[Debug] Reward mean: 12.1335, std: 0.5125
Num steps: 160000   Return: 3009.5   Time: 0:05:44
[Debug] Reward mean: 12.1251, std: 0.5156
[Debug] Reward mean: 12.1292, std: 0.5207
[Debug] Reward mean: 12.1260, std: 0.5125
Num steps: 170000   Return: 2445.8   Time: 0:06:03
[Debug] Reward mean: 12.1081, std: 0.4817
[Debug] Reward mean: 12.0964, std: 0.4998
[Debug] Reward mean: 12.1093, std: 0.5007
[Debug] Reward mean: 12.0957, std: 0.4894
Num steps: 180000   Return: 2988.0   Time: 0:06:25
[Debug] Reward mean: 12.0942, std: 0.5181
[Debug] Reward mean: 12.0992, std: 0.4857
[Debug] Reward mean: 12.1010, std: 0.5172
Num steps: 190000   Return: 3015.4   Time: 0:06:47
[Debug] Reward mean: 12.0742, std: 0.4711
[Debug] Reward mean: 12.0860, std: 0.5026
[Debug] Reward mean: 12.0672, std: 0.5084
Num steps: 200000   Return: 3060.7   Time: 0:07:08
[Debug] Reward mean: 12.0616, std: 0.4860
[Debug] Reward mean: 12.0497, std: 0.4875
[Debug] Reward mean: 12.0601, std: 0.4992
[Debug] Reward mean: 12.0611, std: 0.5014
Num steps: 210000   Return: 3013.8   Time: 0:07:30
[Debug] Reward mean: 12.0509, std: 0.4953
[Debug] Reward mean: 12.0245, std: 0.4668
[Debug] Reward mean: 12.0583, std: 0.4861
Num steps: 220000   Return: 2996.1   Time: 0:07:52
[Debug] Reward mean: 12.0292, std: 0.5073
[Debug] Reward mean: 12.0310, std: 0.4716
[Debug] Reward mean: 12.0088, std: 0.4715
Num steps: 230000   Return: 3026.7   Time: 0:08:13
[Debug] Reward mean: 12.0110, std: 0.5078
[Debug] Reward mean: 12.0004, std: 0.4840
[Debug] Reward mean: 12.0135, std: 0.4790
[Debug] Reward mean: 11.9979, std: 0.4921
Num steps: 240000   Return: 3000.9   Time: 0:08:35
[Debug] Reward mean: 11.9942, std: 0.4934
[Debug] Reward mean: 11.9878, std: 0.4954
[Debug] Reward mean: 11.9839, std: 0.4826
Num steps: 250000   Return: 2982.5   Time: 0:08:56
[Debug] Reward mean: 11.9832, std: 0.5044
[Debug] Reward mean: 11.9814, std: 0.5187
[Debug] Reward mean: 11.9560, std: 0.4923
Num steps: 260000   Return: 3009.7   Time: 0:09:18
[Debug] Reward mean: 11.9680, std: 0.4922
[Debug] Reward mean: 11.9504, std: 0.4839
[Debug] Reward mean: 11.9524, std: 0.4693
[Debug] Reward mean: 11.9513, std: 0.4852
Num steps: 270000   Return: 3046.3   Time: 0:09:40
[Debug] Reward mean: 11.9308, std: 0.4655
[Debug] Reward mean: 11.9445, std: 0.4823
[Debug] Reward mean: 11.9556, std: 0.4936
Num steps: 280000   Return: 3026.3   Time: 0:10:01
[Debug] Reward mean: 11.8981, std: 0.4780
[Debug] Reward mean: 11.9186, std: 0.4927
[Debug] Reward mean: 11.8992, std: 0.4881
Num steps: 290000   Return: 3000.0   Time: 0:10:23
[Debug] Reward mean: 11.9132, std: 0.5275
[Debug] Reward mean: 11.9047, std: 0.4892
[Debug] Reward mean: 11.8823, std: 0.4902
[Debug] Reward mean: 11.8996, std: 0.5212
Num steps: 300000   Return: 3028.5   Time: 0:10:45
[Debug] Reward mean: 11.8979, std: 0.4993
[Debug] Reward mean: 11.8743, std: 0.5036
[Debug] Reward mean: 11.8707, std: 0.4905
Num steps: 310000   Return: 3009.2   Time: 0:11:07
[Debug] Reward mean: 11.8540, std: 0.4970
[Debug] Reward mean: 11.8350, std: 0.4860
[Debug] Reward mean: 11.8553, std: 0.5166
Num steps: 320000   Return: 2968.2   Time: 0:11:29
[Debug] Reward mean: 11.8245, std: 0.4875
[Debug] Reward mean: 11.8346, std: 0.4957
[Debug] Reward mean: 11.8177, std: 0.4928
[Debug] Reward mean: 11.8121, std: 0.4933
Num steps: 330000   Return: 3032.7   Time: 0:11:51
[Debug] Reward mean: 11.7971, std: 0.4962
[Debug] Reward mean: 11.8086, std: 0.4968
[Debug] Reward mean: 11.7935, std: 0.4930
Num steps: 340000   Return: 3030.9   Time: 0:12:13
[Debug] Reward mean: 11.7949, std: 0.4984
[Debug] Reward mean: 11.7858, std: 0.5106
[Debug] Reward mean: 11.7696, std: 0.4964
Num steps: 350000   Return: 3015.3   Time: 0:12:34
[Debug] Reward mean: 11.7546, std: 0.5005
[Debug] Reward mean: 11.7552, std: 0.4938
[Debug] Reward mean: 11.7749, std: 0.5156
[Debug] Reward mean: 11.7492, std: 0.4830
Num steps: 360000   Return: 3130.1   Time: 0:12:57
[Debug] Reward mean: 11.7310, std: 0.4685
[Debug] Reward mean: 11.7106, std: 0.4900
[Debug] Reward mean: 11.6977, std: 0.4953
Num steps: 370000   Return: 3026.1   Time: 0:13:18
[Debug] Reward mean: 11.7153, std: 0.5047
[Debug] Reward mean: 11.7062, std: 0.4994
[Debug] Reward mean: 11.7064, std: 0.5070
Num steps: 380000   Return: 2993.3   Time: 0:13:40
[Debug] Reward mean: 11.6952, std: 0.5041
[Debug] Reward mean: 11.6744, std: 0.4865
[Debug] Reward mean: 11.6543, std: 0.4807
[Debug] Reward mean: 11.6524, std: 0.4928
Num steps: 390000   Return: 2991.4   Time: 0:14:02
[Debug] Reward mean: 11.6548, std: 0.5068
[Debug] Reward mean: 11.6292, std: 0.5048
[Debug] Reward mean: 11.6315, std: 0.4755
Num steps: 400000   Return: 3063.4   Time: 0:14:24
[Debug] Reward mean: 11.6197, std: 0.4971
[Debug] Reward mean: 11.6178, std: 0.4978
[Debug] Reward mean: 11.5929, std: 0.4924
Num steps: 410000   Return: 2968.4   Time: 0:14:45
[Debug] Reward mean: 11.5842, std: 0.4866
[Debug] Reward mean: 11.5209, std: 0.4980
[Debug] Reward mean: 11.5585, std: 0.4697
[Debug] Reward mean: 11.5427, std: 0.4637
Num steps: 420000   Return: 3038.9   Time: 0:15:07
[Debug] Reward mean: 11.5328, std: 0.4804
[Debug] Reward mean: 11.5486, std: 0.4906
[Debug] Reward mean: 11.5123, std: 0.4894
Num steps: 430000   Return: 3005.1   Time: 0:15:29
[Debug] Reward mean: 11.5040, std: 0.4942
[Debug] Reward mean: 11.5150, std: 0.5208
[Debug] Reward mean: 11.4854, std: 0.4932
Num steps: 440000   Return: 3084.2   Time: 0:15:51
[Debug] Reward mean: 11.4742, std: 0.4885
[Debug] Reward mean: 11.4757, std: 0.4971
[Debug] Reward mean: 11.4488, std: 0.4915
[Debug] Reward mean: 11.4433, std: 0.5054
Num steps: 450000   Return: 2989.7   Time: 0:16:13
[Debug] Reward mean: 11.4275, std: 0.5123
[Debug] Reward mean: 11.4116, std: 0.5182
[Debug] Reward mean: 11.4269, std: 0.4967
Num steps: 460000   Return: 3024.4   Time: 0:16:35
[Debug] Reward mean: 11.4037, std: 0.4955
[Debug] Reward mean: 11.3655, std: 0.4889
[Debug] Reward mean: 11.3553, std: 0.4941
Num steps: 470000   Return: 3028.7   Time: 0:16:57
[Debug] Reward mean: 11.3511, std: 0.4746
[Debug] Reward mean: 11.3750, std: 0.5163
[Debug] Reward mean: 11.3411, std: 0.4982
[Debug] Reward mean: 11.3092, std: 0.4755
Num steps: 480000   Return: 2991.3   Time: 0:17:19
[Debug] Reward mean: 11.3249, std: 0.5076
[Debug] Reward mean: 11.2954, std: 0.5232
[Debug] Reward mean: 11.3007, std: 0.5204
Num steps: 490000   Return: 2987.9   Time: 0:17:41
[Debug] Reward mean: 11.2730, std: 0.5146
[Debug] Reward mean: 11.2724, std: 0.4837
[Debug] Reward mean: 11.2644, std: 0.5161
Num steps: 500000   Return: 2986.4   Time: 0:18:03
[Debug] Reward mean: 11.2326, std: 0.4937
[Debug] Reward mean: 11.2330, std: 0.4982
[Debug] Reward mean: 11.2179, std: 0.5068
[Debug] Reward mean: 11.1864, std: 0.5379
Num steps: 510000   Return: 3042.4   Time: 0:18:26
[Debug] Reward mean: 11.1810, std: 0.5076
[Debug] Reward mean: 11.1863, std: 0.5328
[Debug] Reward mean: 11.1479, std: 0.5049
Num steps: 520000   Return: 2981.9   Time: 0:18:48
[Debug] Reward mean: 11.1243, std: 0.4919
[Debug] Reward mean: 11.0672, std: 0.5133
[Debug] Reward mean: 11.1131, std: 0.5010
Num steps: 530000   Return: 3016.3   Time: 0:19:09
[Debug] Reward mean: 11.0809, std: 0.4756
[Debug] Reward mean: 11.0726, std: 0.5327
[Debug] Reward mean: 11.0455, std: 0.4781
[Debug] Reward mean: 11.0582, std: 0.5158
Num steps: 540000   Return: 2992.8   Time: 0:19:32
[Debug] Reward mean: 11.0418, std: 0.5083
[Debug] Reward mean: 11.0103, std: 0.4907
[Debug] Reward mean: 10.9949, std: 0.4880
Num steps: 550000   Return: 3025.3   Time: 0:19:54
[Debug] Reward mean: 10.9662, std: 0.4927
[Debug] Reward mean: 10.9552, std: 0.4868
[Debug] Reward mean: 10.9629, std: 0.4937
Num steps: 560000   Return: 2433.7   Time: 0:20:14
[Debug] Reward mean: 10.8863, std: 0.5214
[Debug] Reward mean: 10.9356, std: 0.5137
[Debug] Reward mean: 10.9181, std: 0.4845
[Debug] Reward mean: 10.8762, std: 0.4948
Num steps: 570000   Return: 2980.3   Time: 0:20:36
[Debug] Reward mean: 10.8470, std: 0.5102
[Debug] Reward mean: 10.8585, std: 0.5129
[Debug] Reward mean: 10.8293, std: 0.5287
Num steps: 580000   Return: 3017.8   Time: 0:20:58
[Debug] Reward mean: 10.8030, std: 0.5056
[Debug] Reward mean: 10.7842, std: 0.4911
[Debug] Reward mean: 10.7991, std: 0.5205
Num steps: 590000   Return: 3006.1   Time: 0:21:20
[Debug] Reward mean: 10.7777, std: 0.4865
[Debug] Reward mean: 10.7427, std: 0.5225
[Debug] Reward mean: 10.7116, std: 0.4931
[Debug] Reward mean: 10.6984, std: 0.5200
Num steps: 600000   Return: 2982.8   Time: 0:21:43
[Debug] Reward mean: 10.6830, std: 0.5228
[Debug] Reward mean: 10.6610, std: 0.4927
[Debug] Reward mean: 10.6541, std: 0.5030
Num steps: 610000   Return: 3005.7   Time: 0:22:05
[Debug] Reward mean: 10.6501, std: 0.5223
[Debug] Reward mean: 10.6040, std: 0.4904
[Debug] Reward mean: 10.6000, std: 0.5112
Num steps: 620000   Return: 3059.9   Time: 0:22:26
[Debug] Reward mean: 10.5968, std: 0.5179
[Debug] Reward mean: 10.5521, std: 0.5243
[Debug] Reward mean: 10.5337, std: 0.5182
[Debug] Reward mean: 10.5226, std: 0.5250
Num steps: 630000   Return: 3034.5   Time: 0:22:49
[Debug] Reward mean: 10.4897, std: 0.5208
[Debug] Reward mean: 10.4760, std: 0.5118
[Debug] Reward mean: 10.4682, std: 0.4913
Num steps: 640000   Return: 3005.9   Time: 0:23:11
[Debug] Reward mean: 10.4055, std: 0.4998
[Debug] Reward mean: 10.4254, std: 0.5155
[Debug] Reward mean: 10.3936, std: 0.5214
Num steps: 650000   Return: 2998.9   Time: 0:23:33
[Debug] Reward mean: 10.3604, std: 0.4970
[Debug] Reward mean: 10.3402, std: 0.5014
[Debug] Reward mean: 10.3415, std: 0.5327
[Debug] Reward mean: 10.3189, std: 0.5053
Num steps: 660000   Return: 3041.2   Time: 0:23:55
[Debug] Reward mean: 10.2970, std: 0.5049
[Debug] Reward mean: 10.2129, std: 0.5291
[Debug] Reward mean: 10.2389, std: 0.5158
Num steps: 670000   Return: 2994.3   Time: 0:24:17
[Debug] Reward mean: 10.2227, std: 0.5127
[Debug] Reward mean: 10.2098, std: 0.5272
[Debug] Reward mean: 10.1667, std: 0.5187
Num steps: 680000   Return: 3006.1   Time: 0:24:39
[Debug] Reward mean: 10.1619, std: 0.5337
[Debug] Reward mean: 10.1203, std: 0.5159
[Debug] Reward mean: 10.1417, std: 0.5147
[Debug] Reward mean: 10.0681, std: 0.5180
Num steps: 690000   Return: 3054.5   Time: 0:25:02
[Debug] Reward mean: 10.0775, std: 0.5453
[Debug] Reward mean: 10.0281, std: 0.5211
[Debug] Reward mean: 10.0469, std: 0.5303
Num steps: 700000   Return: 2990.9   Time: 0:25:23
[Debug] Reward mean: 9.9960, std: 0.5347
[Debug] Reward mean: 9.9918, std: 0.5452
[Debug] Reward mean: 9.9248, std: 0.5725
Num steps: 710000   Return: 3085.2   Time: 0:25:45
[Debug] Reward mean: 9.9239, std: 0.5465
[Debug] Reward mean: 9.9235, std: 0.5199
[Debug] Reward mean: 9.8789, std: 0.5343
[Debug] Reward mean: 9.8343, std: 0.5178
Num steps: 720000   Return: 3014.2   Time: 0:26:08
[Debug] Reward mean: 9.8161, std: 0.5239
[Debug] Reward mean: 9.7759, std: 0.5276
[Debug] Reward mean: 9.7120, std: 0.5891
Num steps: 730000   Return: 3063.3   Time: 0:26:30
[Debug] Reward mean: 9.8017, std: 0.5384
[Debug] Reward mean: 9.7214, std: 0.5147
[Debug] Reward mean: 9.7144, std: 0.5604
Num steps: 740000   Return: 3018.1   Time: 0:26:52
[Debug] Reward mean: 9.7059, std: 0.5153
[Debug] Reward mean: 9.6318, std: 0.5314
[Debug] Reward mean: 9.6218, std: 0.5427
[Debug] Reward mean: 9.6057, std: 0.5175
Num steps: 750000   Return: 2989.4   Time: 0:27:15
[Debug] Reward mean: 9.5613, std: 0.6091
[Debug] Reward mean: 9.5784, std: 0.5516
[Debug] Reward mean: 9.4878, std: 0.5590
Num steps: 760000   Return: 3070.8   Time: 0:27:37
[Debug] Reward mean: 9.5091, std: 0.5388
[Debug] Reward mean: 9.4577, std: 0.5426
[Debug] Reward mean: 9.4138, std: 0.5363
Num steps: 770000   Return: 3035.7   Time: 0:27:59
[Debug] Reward mean: 9.3877, std: 0.5218
[Debug] Reward mean: 9.3185, std: 0.6589
[Debug] Reward mean: 9.3554, std: 0.5635
[Debug] Reward mean: 9.3229, std: 0.5337
Num steps: 780000   Return: 3047.2   Time: 0:28:21
[Debug] Reward mean: 9.2761, std: 0.5162
[Debug] Reward mean: 9.2661, std: 0.5395
[Debug] Reward mean: 9.2497, std: 0.5525
Num steps: 790000   Return: 2996.3   Time: 0:28:43
[Debug] Reward mean: 9.1986, std: 0.5516
[Debug] Reward mean: 9.1891, std: 0.5410
[Debug] Reward mean: 9.1876, std: 0.5606
Num steps: 800000   Return: 3066.7   Time: 0:29:05
[Debug] Reward mean: 9.1150, std: 0.5637
[Debug] Reward mean: 9.0964, std: 0.5640
[Debug] Reward mean: 9.0250, std: 0.5566
[Debug] Reward mean: 9.0291, std: 0.5351
Num steps: 810000   Return: 3019.8   Time: 0:29:28
[Debug] Reward mean: 8.9366, std: 0.5864
[Debug] Reward mean: 8.9596, std: 0.5606
[Debug] Reward mean: 8.9115, std: 0.5486
Num steps: 820000   Return: 2984.8   Time: 0:29:50
[Debug] Reward mean: 8.8876, std: 0.5475
[Debug] Reward mean: 8.8624, std: 0.5631
[Debug] Reward mean: 8.8032, std: 0.5656
Num steps: 830000   Return: 3058.3   Time: 0:30:12
[Debug] Reward mean: 8.8048, std: 0.5643
[Debug] Reward mean: 8.7970, std: 0.5650
[Debug] Reward mean: 8.7072, std: 0.5446
[Debug] Reward mean: 8.7058, std: 0.5924
Num steps: 840000   Return: 3052.9   Time: 0:30:35
[Debug] Reward mean: 8.6815, std: 0.5468
[Debug] Reward mean: 8.6287, std: 0.5614
[Debug] Reward mean: 8.5583, std: 0.5520
Num steps: 850000   Return: 3022.6   Time: 0:30:57
[Debug] Reward mean: 8.5677, std: 0.5535
[Debug] Reward mean: 8.5121, std: 0.5582
[Debug] Reward mean: 8.4892, std: 0.5448
Num steps: 860000   Return: 3070.1   Time: 0:31:19
[Debug] Reward mean: 8.4560, std: 0.5797
[Debug] Reward mean: 8.4515, std: 0.5795
[Debug] Reward mean: 8.4040, std: 0.5806
[Debug] Reward mean: 8.3127, std: 0.5540
Num steps: 870000   Return: 3000.9   Time: 0:31:41
[Debug] Reward mean: 8.3668, std: 0.5888
[Debug] Reward mean: 8.2709, std: 0.5799
[Debug] Reward mean: 8.2048, std: 0.5750
Num steps: 880000   Return: 2987.6   Time: 0:32:04
[Debug] Reward mean: 8.2397, std: 0.5721
[Debug] Reward mean: 8.2024, std: 0.5780
[Debug] Reward mean: 8.1489, std: 0.5832
Num steps: 890000   Return: 2992.9   Time: 0:32:26
[Debug] Reward mean: 8.1141, std: 0.5839
[Debug] Reward mean: 8.0729, std: 0.5965
[Debug] Reward mean: 8.0367, std: 0.6011
[Debug] Reward mean: 7.9301, std: 0.5870
Num steps: 900000   Return: 3048.7   Time: 0:32:48
[Debug] Reward mean: 7.9350, std: 0.6810
[Debug] Reward mean: 7.8537, std: 0.5861
[Debug] Reward mean: 7.8171, std: 0.5873
Num steps: 910000   Return: 3048.3   Time: 0:33:10
[Debug] Reward mean: 7.7426, std: 0.7380
[Debug] Reward mean: 7.8063, std: 0.5934
[Debug] Reward mean: 7.7788, std: 0.5975
Num steps: 920000   Return: 2569.1   Time: 0:33:31
[Debug] Reward mean: 7.6475, std: 0.6122
[Debug] Reward mean: 7.6850, std: 0.6017
[Debug] Reward mean: 7.6367, std: 0.6137
[Debug] Reward mean: 7.5936, std: 0.6005
Num steps: 930000   Return: 3001.0   Time: 0:33:54
[Debug] Reward mean: 7.5057, std: 0.6116
[Debug] Reward mean: 7.4826, std: 0.6176
[Debug] Reward mean: 7.4883, std: 0.6185
Num steps: 940000   Return: 3038.4   Time: 0:34:16
[Debug] Reward mean: 7.4219, std: 0.6077
[Debug] Reward mean: 7.3758, std: 0.5900
[Debug] Reward mean: 7.3142, std: 0.6028
Num steps: 950000   Return: 3079.9   Time: 0:34:38
[Debug] Reward mean: 7.2600, std: 0.6159
[Debug] Reward mean: 7.2480, std: 0.6154
[Debug] Reward mean: 7.2109, std: 0.6289
[Debug] Reward mean: 7.1399, std: 0.6419
Num steps: 960000   Return: 3048.9   Time: 0:35:00
[Debug] Reward mean: 7.1287, std: 0.6120
[Debug] Reward mean: 7.0173, std: 0.8041
[Debug] Reward mean: 6.9974, std: 0.6266
Num steps: 970000   Return: 3042.6   Time: 0:35:22
[Debug] Reward mean: 6.9793, std: 0.6097
[Debug] Reward mean: 6.9087, std: 0.6574
[Debug] Reward mean: 6.9049, std: 0.6464
Num steps: 980000   Return: 2985.1   Time: 0:35:44
[Debug] Reward mean: 6.8974, std: 0.6407
[Debug] Reward mean: 6.8043, std: 0.6346
[Debug] Reward mean: 6.7743, std: 0.6865
[Debug] Reward mean: 6.7537, std: 0.6424
Num steps: 990000   Return: 3016.4   Time: 0:36:07
[Debug] Reward mean: 6.6623, std: 0.6257
[Debug] Reward mean: 6.6235, std: 0.6338
[Debug] Reward mean: 6.5575, std: 0.6154
Num steps: 1000000   Return: 2997.1   Time: 0:36:29
[Debug] Reward mean: 6.5515, std: 0.6629
[Debug] Reward mean: 6.4818, std: 0.6652
[Debug] Reward mean: 6.4573, std: 0.6683
Num steps: 1010000   Return: 3050.3   Time: 0:36:51
[Debug] Reward mean: 6.4751, std: 0.6457
[Debug] Reward mean: 6.3384, std: 0.6591
[Debug] Reward mean: 6.2898, std: 0.6597
[Debug] Reward mean: 6.1957, std: 0.6813
Num steps: 1020000   Return: 3043.7   Time: 0:37:13
[Debug] Reward mean: 6.2047, std: 0.6743
[Debug] Reward mean: 6.1593, std: 0.6941
[Debug] Reward mean: 6.1119, std: 0.6851
Num steps: 1030000   Return: 2977.5   Time: 0:37:35
[Debug] Reward mean: 6.1059, std: 0.6796
[Debug] Reward mean: 5.9306, std: 0.6812
[Debug] Reward mean: 5.9945, std: 0.6839
Num steps: 1040000   Return: 2997.0   Time: 0:37:57
[Debug] Reward mean: 5.9153, std: 0.6780
[Debug] Reward mean: 5.8181, std: 0.6779
[Debug] Reward mean: 5.7546, std: 0.6844
[Debug] Reward mean: 5.7146, std: 0.8014
Num steps: 1050000   Return: 2991.9   Time: 0:38:20
[Debug] Reward mean: 5.6732, std: 0.6885
[Debug] Reward mean: 5.6297, std: 0.6941
[Debug] Reward mean: 5.5495, std: 0.6985
Num steps: 1060000   Return: 3058.3   Time: 0:38:42
[Debug] Reward mean: 5.5189, std: 0.7240
[Debug] Reward mean: 5.4893, std: 0.7274
[Debug] Reward mean: 5.4293, std: 0.7073
Num steps: 1070000   Return: 2412.8   Time: 0:39:02
[Debug] Reward mean: 5.3533, std: 0.7087
[Debug] Reward mean: 5.3106, std: 0.7009
[Debug] Reward mean: 5.3048, std: 0.7187
[Debug] Reward mean: 5.2052, std: 0.7163
Num steps: 1080000   Return: 3034.0   Time: 0:39:25
[Debug] Reward mean: 5.1435, std: 0.7299
[Debug] Reward mean: 4.9871, std: 0.7189
[Debug] Reward mean: 5.0430, std: 0.7052
Num steps: 1090000   Return: 3034.5   Time: 0:39:47
[Debug] Reward mean: 5.0399, std: 0.7701
[Debug] Reward mean: 4.7396, std: 1.0373
[Debug] Reward mean: 4.8120, std: 0.6763
Num steps: 1100000   Return: 3035.6   Time: 0:40:09
[Debug] Reward mean: 4.8163, std: 0.7199
[Debug] Reward mean: 4.7632, std: 0.7331
[Debug] Reward mean: 4.6675, std: 0.7510
[Debug] Reward mean: 4.6947, std: 0.7325
Num steps: 1110000   Return: 3000.1   Time: 0:40:31
[Debug] Reward mean: 4.7043, std: 0.7680
[Debug] Reward mean: 4.4440, std: 0.7177
[Debug] Reward mean: 4.4869, std: 0.7530
Num steps: 1120000   Return: 3054.7   Time: 0:40:53
[Debug] Reward mean: 4.4041, std: 0.7299
[Debug] Reward mean: 4.4024, std: 0.7528
[Debug] Reward mean: 4.3082, std: 0.7578
Num steps: 1130000   Return: 3049.2   Time: 0:41:15
[Debug] Reward mean: 4.2904, std: 0.7407
[Debug] Reward mean: 4.1291, std: 0.8290
[Debug] Reward mean: 4.1331, std: 0.7489
[Debug] Reward mean: 4.0131, std: 0.7419
Num steps: 1140000   Return: 3036.9   Time: 0:41:37
[Debug] Reward mean: 3.9852, std: 0.7404
[Debug] Reward mean: 4.0867, std: 0.7742
[Debug] Reward mean: 3.7650, std: 0.7333
Num steps: 1150000   Return: 3128.5   Time: 0:41:59
[Debug] Reward mean: 3.8692, std: 0.7493
[Debug] Reward mean: 3.6536, std: 0.7495
[Debug] Reward mean: 3.6973, std: 0.8214
Num steps: 1160000   Return: 3109.0   Time: 0:42:21
[Debug] Reward mean: 3.5766, std: 0.7864
[Debug] Reward mean: 3.4398, std: 0.7997
[Debug] Reward mean: 3.4522, std: 0.7820
[Debug] Reward mean: 3.5737, std: 0.7539
Num steps: 1170000   Return: 2973.5   Time: 0:42:43
[Debug] Reward mean: 3.3469, std: 0.7571
[Debug] Reward mean: 3.3353, std: 0.8097
[Debug] Reward mean: 3.2900, std: 0.7517
Num steps: 1180000   Return: 3021.7   Time: 0:43:05
[Debug] Reward mean: 3.2227, std: 0.7682
[Debug] Reward mean: 3.1882, std: 0.7665
[Debug] Reward mean: 2.9170, std: 0.8488
Num steps: 1190000   Return: 2990.0   Time: 0:43:26
[Debug] Reward mean: 3.0563, std: 0.7631
[Debug] Reward mean: 2.9777, std: 0.7557
[Debug] Reward mean: 2.8889, std: 0.7508
[Debug] Reward mean: 2.8366, std: 0.7636
Num steps: 1200000   Return: 2961.9   Time: 0:43:48
[Debug] Reward mean: 2.5889, std: 0.9073
[Debug] Reward mean: 2.6465, std: 0.8748
[Debug] Reward mean: 2.7189, std: 0.7702
Num steps: 1210000   Return: 2974.0   Time: 0:44:10
[Debug] Reward mean: 2.5538, std: 0.7406
[Debug] Reward mean: 2.5578, std: 0.7588
[Debug] Reward mean: 2.5346, std: 0.7615
Num steps: 1220000   Return: 2983.2   Time: 0:44:32
[Debug] Reward mean: 2.4112, std: 0.7859
[Debug] Reward mean: 2.2982, std: 0.8001
[Debug] Reward mean: 2.4032, std: 0.7254
[Debug] Reward mean: 2.1689, std: 0.7431
Num steps: 1230000   Return: 2986.3   Time: 0:44:54
[Debug] Reward mean: 2.2436, std: 0.7412
[Debug] Reward mean: 2.1061, std: 0.7442
[Debug] Reward mean: 2.2015, std: 0.7624
Num steps: 1240000   Return: 2973.5   Time: 0:45:16
[Debug] Reward mean: 1.9744, std: 0.7139
[Debug] Reward mean: 1.9812, std: 0.7045
[Debug] Reward mean: 1.9837, std: 0.7310
Num steps: 1250000   Return: 3053.3   Time: 0:45:38
[Debug] Reward mean: 1.9435, std: 0.7082
[Debug] Reward mean: 1.7878, std: 0.7478
[Debug] Reward mean: 1.8263, std: 0.7058
[Debug] Reward mean: 1.6668, std: 0.7012
Num steps: 1260000   Return: 2996.1   Time: 0:46:01
[Debug] Reward mean: 1.6466, std: 0.6998
[Debug] Reward mean: 1.5486, std: 0.6579
[Debug] Reward mean: 1.6348, std: 0.7072
Num steps: 1270000   Return: 3003.2   Time: 0:46:22
[Debug] Reward mean: 1.4909, std: 0.6615
[Debug] Reward mean: 1.4961, std: 0.6750
[Debug] Reward mean: 1.4781, std: 0.6622
Num steps: 1280000   Return: 3080.0   Time: 0:46:44
[Debug] Reward mean: 1.4347, std: 0.7111
[Debug] Reward mean: 1.3519, std: 0.6338
[Debug] Reward mean: 1.4079, std: 0.6463
[Debug] Reward mean: 1.2300, std: 0.5898
Num steps: 1290000   Return: 2997.5   Time: 0:47:06
[Debug] Reward mean: 1.1477, std: 0.6010
[Debug] Reward mean: 1.2276, std: 0.6324
[Debug] Reward mean: 1.1258, std: 0.5702
Num steps: 1300000   Return: 3031.0   Time: 0:47:28
[Debug] Reward mean: 1.0733, std: 0.6010
[Debug] Reward mean: 1.0759, std: 0.5677
[Debug] Reward mean: 1.0424, std: 0.5577
Num steps: 1310000   Return: 3034.0   Time: 0:47:50
[Debug] Reward mean: 0.9663, std: 0.5305
[Debug] Reward mean: 0.9863, std: 0.5604
[Debug] Reward mean: 0.9687, std: 0.5357
[Debug] Reward mean: 0.9104, std: 0.5233
Num steps: 1320000   Return: 3032.8   Time: 0:48:12
[Debug] Reward mean: 0.9140, std: 0.5102
[Debug] Reward mean: 0.8689, std: 0.5485
[Debug] Reward mean: 0.7652, std: 0.4650
Num steps: 1330000   Return: 3103.5   Time: 0:48:34
[Debug] Reward mean: 0.8851, std: 0.5036
[Debug] Reward mean: 0.7450, std: 0.5150
[Debug] Reward mean: 0.7962, std: 0.4968
Num steps: 1340000   Return: 3029.8   Time: 0:48:55
[Debug] Reward mean: 0.6862, std: 0.4281
[Debug] Reward mean: 0.7427, std: 0.4484
[Debug] Reward mean: 0.6698, std: 0.4531
[Debug] Reward mean: 0.6808, std: 0.4617
Num steps: 1350000   Return: 2512.4   Time: 0:49:11
[Debug] Reward mean: 0.6075, std: 0.4269
[Debug] Reward mean: 0.6654, std: 0.4248
[Debug] Reward mean: 0.5645, std: 0.4000
Num steps: 1360000   Return: 3052.6   Time: 0:49:26
[Debug] Reward mean: 0.5513, std: 0.4098
[Debug] Reward mean: 0.5701, std: 0.4318
[Debug] Reward mean: 0.5339, std: 0.3646
Num steps: 1370000   Return: 2989.6   Time: 0:49:42
[Debug] Reward mean: 0.5736, std: 0.4106
[Debug] Reward mean: 0.5612, std: 0.4022
[Debug] Reward mean: 0.5364, std: 0.3735
[Debug] Reward mean: 0.5080, std: 0.3749
Num steps: 1380000   Return: 3032.4   Time: 0:49:58
[Debug] Reward mean: 0.4842, std: 0.3603
[Debug] Reward mean: 0.4759, std: 0.3579
[Debug] Reward mean: 0.4204, std: 0.3452
Num steps: 1390000   Return: 3005.0   Time: 0:50:14
[Debug] Reward mean: 0.4375, std: 0.3342
[Debug] Reward mean: 0.4622, std: 0.3342
[Debug] Reward mean: 0.3915, std: 0.3107
Num steps: 1400000   Return: 2975.2   Time: 0:50:29
[Debug] Reward mean: 0.4437, std: 0.3356
[Debug] Reward mean: 0.4183, std: 0.3557
[Debug] Reward mean: 0.4050, std: 0.3306
[Debug] Reward mean: 0.4180, std: 0.3080
Num steps: 1410000   Return: 2966.6   Time: 0:50:45
[Debug] Reward mean: 0.3830, std: 0.3163
[Debug] Reward mean: 0.3648, std: 0.2720
[Debug] Reward mean: 0.3707, std: 0.3081
Num steps: 1420000   Return: 2964.6   Time: 0:51:01
[Debug] Reward mean: 0.3388, std: 0.2930
[Debug] Reward mean: 0.3396, std: 0.2808
[Debug] Reward mean: 0.4220, std: 0.3133
Num steps: 1430000   Return: 3028.5   Time: 0:51:16
[Debug] Reward mean: 0.3039, std: 0.2639
[Debug] Reward mean: 0.3664, std: 0.2993
[Debug] Reward mean: 0.2962, std: 0.2687
[Debug] Reward mean: 0.3083, std: 0.2616
Num steps: 1440000   Return: 2421.8   Time: 0:51:31
[Debug] Reward mean: 0.3536, std: 0.3025
[Debug] Reward mean: 0.2906, std: 0.2582
[Debug] Reward mean: 0.2827, std: 0.2534
Num steps: 1450000   Return: 3035.7   Time: 0:51:46
[Debug] Reward mean: 0.3038, std: 0.2714
[Debug] Reward mean: 0.2807, std: 0.2502
[Debug] Reward mean: 0.3197, std: 0.2681
Num steps: 1460000   Return: 3004.5   Time: 0:52:02
[Debug] Reward mean: 0.2523, std: 0.2230
[Debug] Reward mean: 0.2894, std: 0.2481
[Debug] Reward mean: 0.2842, std: 0.2455
[Debug] Reward mean: 0.2676, std: 0.2316
Num steps: 1470000   Return: 3056.6   Time: 0:52:18
[Debug] Reward mean: 0.2555, std: 0.2239
[Debug] Reward mean: 0.2529, std: 0.2184
[Debug] Reward mean: 0.2391, std: 0.2161
Num steps: 1480000   Return: 2591.4   Time: 0:52:32
[Debug] Reward mean: 0.2761, std: 0.2256
[Debug] Reward mean: 0.2505, std: 0.2179
[Debug] Reward mean: 0.2583, std: 0.2090
Num steps: 1490000   Return: 3093.2   Time: 0:52:48
[Debug] Reward mean: 0.2561, std: 0.2228
[Debug] Reward mean: 0.2843, std: 0.2883
[Debug] Reward mean: 0.2178, std: 0.2033
[Debug] Reward mean: 0.2221, std: 0.2058
Num steps: 1500000   Return: 2969.9   Time: 0:53:04
[Debug] Reward mean: 0.2117, std: 0.2035
[Debug] Reward mean: 0.2175, std: 0.2080
[Debug] Reward mean: 0.2244, std: 0.2100
Num steps: 1510000   Return: 2974.6   Time: 0:53:20
[Debug] Reward mean: 0.2076, std: 0.2064
[Debug] Reward mean: 0.2155, std: 0.1968
[Debug] Reward mean: 0.2156, std: 0.2047
Num steps: 1520000   Return: 2460.9   Time: 0:53:34
[Debug] Reward mean: 0.2050, std: 0.1857
[Debug] Reward mean: 0.2269, std: 0.2197
[Debug] Reward mean: 0.1736, std: 0.1714
[Debug] Reward mean: 0.2083, std: 0.2056
Num steps: 1530000   Return: 2988.3   Time: 0:53:50
[Debug] Reward mean: 0.2073, std: 0.1986
[Debug] Reward mean: 0.1871, std: 0.1799
[Debug] Reward mean: 0.1977, std: 0.1903
Num steps: 1540000   Return: 2977.4   Time: 0:54:05
[Debug] Reward mean: 0.1863, std: 0.1884
[Debug] Reward mean: 0.2081, std: 0.1905
[Debug] Reward mean: 0.1652, std: 0.1702
Num steps: 1550000   Return: 3076.4   Time: 0:54:21
[Debug] Reward mean: 0.1765, std: 0.1883
[Debug] Reward mean: 0.1870, std: 0.1978
[Debug] Reward mean: 0.1750, std: 0.1588
[Debug] Reward mean: 0.1959, std: 0.1980
Num steps: 1560000   Return: 2424.3   Time: 0:54:36
[Debug] Reward mean: 0.1670, std: 0.1658
[Debug] Reward mean: 0.1911, std: 0.1978
[Debug] Reward mean: 0.1906, std: 0.1930
Num steps: 1570000   Return: 2979.9   Time: 0:54:51
[Debug] Reward mean: 0.1847, std: 0.1881
[Debug] Reward mean: 0.1591, std: 0.1781
[Debug] Reward mean: 0.2005, std: 0.2023
Num steps: 1580000   Return: 3056.4   Time: 0:55:07
[Debug] Reward mean: 0.1579, std: 0.1716
[Debug] Reward mean: 0.1840, std: 0.1906
[Debug] Reward mean: 0.1453, std: 0.1670
[Debug] Reward mean: 0.1861, std: 0.1909
Num steps: 1590000   Return: 3077.7   Time: 0:55:23
[Debug] Reward mean: 0.1508, std: 0.1645
[Debug] Reward mean: 0.1811, std: 0.2096
[Debug] Reward mean: 0.1534, std: 0.1785
Num steps: 1600000   Return: 2979.2   Time: 0:55:38
[Debug] Reward mean: 0.1485, std: 0.1558
[Debug] Reward mean: 0.1534, std: 0.1571
[Debug] Reward mean: 0.1470, std: 0.1358
Num steps: 1610000   Return: 3040.0   Time: 0:55:54
[Debug] Reward mean: 0.1583, std: 0.1629
[Debug] Reward mean: 0.1403, std: 0.1493
[Debug] Reward mean: 0.1458, std: 0.1469
[Debug] Reward mean: 0.1482, std: 0.1630
Num steps: 1620000   Return: 3008.1   Time: 0:56:10
[Debug] Reward mean: 0.1861, std: 0.2084
[Debug] Reward mean: 0.1513, std: 0.1628
[Debug] Reward mean: 0.1594, std: 0.1696
Num steps: 1630000   Return: 3086.8   Time: 0:56:25
[Debug] Reward mean: 0.1368, std: 0.1774
[Debug] Reward mean: 0.1459, std: 0.1545
[Debug] Reward mean: 0.1463, std: 0.1521
Num steps: 1640000   Return: 2449.4   Time: 0:56:40
[Debug] Reward mean: 0.1480, std: 0.1593
[Debug] Reward mean: 0.1198, std: 0.1446
[Debug] Reward mean: 0.1388, std: 0.1598
[Debug] Reward mean: 0.1564, std: 0.1728
Num steps: 1650000   Return: 2986.0   Time: 0:56:56
[Debug] Reward mean: 0.1331, std: 0.1352
[Debug] Reward mean: 0.1493, std: 0.1579
[Debug] Reward mean: 0.1477, std: 0.1749
Num steps: 1660000   Return: 3003.5   Time: 0:57:11
[Debug] Reward mean: 0.1192, std: 0.1341
[Debug] Reward mean: 0.1244, std: 0.1375
[Debug] Reward mean: 0.1282, std: 0.1338
Num steps: 1670000   Return: 3016.5   Time: 0:57:27
[Debug] Reward mean: 0.1238, std: 0.1460
[Debug] Reward mean: 0.1377, std: 0.1487
[Debug] Reward mean: 0.1278, std: 0.1457
[Debug] Reward mean: 0.1444, std: 0.1629
Num steps: 1680000   Return: 3010.2   Time: 0:57:43
[Debug] Reward mean: 0.1293, std: 0.1352
[Debug] Reward mean: 0.1113, std: 0.1347
[Debug] Reward mean: 0.1333, std: 0.1535
Num steps: 1690000   Return: 2456.7   Time: 0:57:58
[Debug] Reward mean: 0.1269, std: 0.1405
[Debug] Reward mean: 0.1095, std: 0.1242
[Debug] Reward mean: 0.1312, std: 0.1441
Num steps: 1700000   Return: 3044.7   Time: 0:58:13
[Debug] Reward mean: 0.1240, std: 0.1448
[Debug] Reward mean: 0.1164, std: 0.1442
[Debug] Reward mean: 0.1052, std: 0.1142
[Debug] Reward mean: 0.1326, std: 0.1462
Num steps: 1710000   Return: 3043.5   Time: 0:58:29
[Debug] Reward mean: 0.1210, std: 0.1366
[Debug] Reward mean: 0.1244, std: 0.1369
[Debug] Reward mean: 0.1141, std: 0.1315
Num steps: 1720000   Return: 3002.3   Time: 0:58:45
[Debug] Reward mean: 0.1341, std: 0.1379
[Debug] Reward mean: 0.1146, std: 0.1527
[Debug] Reward mean: 0.1161, std: 0.1378
Num steps: 1730000   Return: 3003.2   Time: 0:59:00
[Debug] Reward mean: 0.1481, std: 0.1772
[Debug] Reward mean: 0.0973, std: 0.1133
[Debug] Reward mean: 0.1212, std: 0.1560
[Debug] Reward mean: 0.1156, std: 0.1315
Num steps: 1740000   Return: 2981.8   Time: 0:59:16
[Debug] Reward mean: 0.1327, std: 0.1472
[Debug] Reward mean: 0.1207, std: 0.1470
[Debug] Reward mean: 0.1067, std: 0.1349
Num steps: 1750000   Return: 2983.9   Time: 0:59:32
[Debug] Reward mean: 0.1445, std: 0.1695
[Debug] Reward mean: 0.1077, std: 0.1380
[Debug] Reward mean: 0.1220, std: 0.1380
Num steps: 1760000   Return: 3040.8   Time: 0:59:47
[Debug] Reward mean: 0.1093, std: 0.1154
[Debug] Reward mean: 0.0913, std: 0.1133
[Debug] Reward mean: 0.1063, std: 0.1175
[Debug] Reward mean: 0.0972, std: 0.1176
Num steps: 1770000   Return: 2973.7   Time: 1:00:03
[Debug] Reward mean: 0.1234, std: 0.1460
[Debug] Reward mean: 0.1259, std: 0.1426
[Debug] Reward mean: 0.1237, std: 0.1404
Num steps: 1780000   Return: 3099.2   Time: 1:00:19
[Debug] Reward mean: 0.1028, std: 0.1261
[Debug] Reward mean: 0.1160, std: 0.1439
[Debug] Reward mean: 0.1182, std: 0.1329
Num steps: 1790000   Return: 3023.6   Time: 1:00:34
[Debug] Reward mean: 0.0961, std: 0.1194
[Debug] Reward mean: 0.0833, std: 0.1013
[Debug] Reward mean: 0.1125, std: 0.1372
[Debug] Reward mean: 0.1043, std: 0.1139
Num steps: 1800000   Return: 2987.7   Time: 1:00:50
[Debug] Reward mean: 0.1050, std: 0.1446
[Debug] Reward mean: 0.1085, std: 0.1484
[Debug] Reward mean: 0.1580, std: 0.1864
Num steps: 1810000   Return: 1881.8   Time: 1:01:04
[Debug] Reward mean: 0.0936, std: 0.1018
[Debug] Reward mean: 0.1050, std: 0.1374
[Debug] Reward mean: 0.1137, std: 0.1414
Num steps: 1820000   Return: 3002.0   Time: 1:01:19
[Debug] Reward mean: 0.1053, std: 0.1371
[Debug] Reward mean: 0.1034, std: 0.1216
[Debug] Reward mean: 0.0848, std: 0.1064
[Debug] Reward mean: 0.0826, std: 0.0915
Num steps: 1830000   Return: 2994.5   Time: 1:01:35
[Debug] Reward mean: 0.0839, std: 0.1067
[Debug] Reward mean: 0.1132, std: 0.1377
[Debug] Reward mean: 0.1006, std: 0.1247
Num steps: 1840000   Return: 2987.5   Time: 1:01:51
[Debug] Reward mean: 0.1107, std: 0.1568
[Debug] Reward mean: 0.1111, std: 0.1426
[Debug] Reward mean: 0.0922, std: 0.1259
Num steps: 1850000   Return: 2989.7   Time: 1:02:07
[Debug] Reward mean: 0.0976, std: 0.1230
[Debug] Reward mean: 0.0786, std: 0.1251
[Debug] Reward mean: 0.0932, std: 0.1037
[Debug] Reward mean: 0.0984, std: 0.1143
Num steps: 1860000   Return: 3102.9   Time: 1:02:23
[Debug] Reward mean: 0.0862, std: 0.0990
[Debug] Reward mean: 0.0943, std: 0.1197
[Debug] Reward mean: 0.0861, std: 0.0970
Num steps: 1870000   Return: 2996.6   Time: 1:02:38
[Debug] Reward mean: 0.1008, std: 0.1351
[Debug] Reward mean: 0.0803, std: 0.0916
[Debug] Reward mean: 0.1056, std: 0.1403
Num steps: 1880000   Return: 3026.9   Time: 1:02:54
[Debug] Reward mean: 0.0782, std: 0.1091
[Debug] Reward mean: 0.0951, std: 0.1133
[Debug] Reward mean: 0.0878, std: 0.1261
[Debug] Reward mean: 0.1116, std: 0.1406
Num steps: 1890000   Return: 3067.0   Time: 1:03:10
[Debug] Reward mean: 0.0898, std: 0.1089
[Debug] Reward mean: 0.0951, std: 0.1350
[Debug] Reward mean: 0.0743, std: 0.1049
Num steps: 1900000   Return: 3031.4   Time: 1:03:26
[Debug] Reward mean: 0.0698, std: 0.0826
[Debug] Reward mean: 0.1100, std: 0.1572
[Debug] Reward mean: 0.0864, std: 0.1122
Num steps: 1910000   Return: 3049.8   Time: 1:03:41
[Debug] Reward mean: 0.0885, std: 0.1244
[Debug] Reward mean: 0.0862, std: 0.1075
[Debug] Reward mean: 0.1015, std: 0.1588
[Debug] Reward mean: 0.0841, std: 0.1139
Num steps: 1920000   Return: 3026.9   Time: 1:03:57
[Debug] Reward mean: 0.1006, std: 0.1264
[Debug] Reward mean: 0.0736, std: 0.1005
[Debug] Reward mean: 0.0814, std: 0.1045
Num steps: 1930000   Return: 3036.5   Time: 1:04:13
[Debug] Reward mean: 0.0917, std: 0.1446
[Debug] Reward mean: 0.0937, std: 0.1268
[Debug] Reward mean: 0.0864, std: 0.1155
Num steps: 1940000   Return: 3054.6   Time: 1:04:28
[Debug] Reward mean: 0.0836, std: 0.1175
[Debug] Reward mean: 0.0799, std: 0.1199
[Debug] Reward mean: 0.0844, std: 0.1186
[Debug] Reward mean: 0.0786, std: 0.1090
Num steps: 1950000   Return: 2990.5   Time: 1:04:44
[Debug] Reward mean: 0.0965, std: 0.1411
[Debug] Reward mean: 0.0763, std: 0.1016
[Debug] Reward mean: 0.0863, std: 0.1134
Num steps: 1960000   Return: 2999.9   Time: 1:05:00
[Debug] Reward mean: 0.0788, std: 0.1042
[Debug] Reward mean: 0.0834, std: 0.1206
[Debug] Reward mean: 0.0832, std: 0.1136
Num steps: 1970000   Return: 3015.5   Time: 1:05:15
[Debug] Reward mean: 0.1141, std: 0.1668
[Debug] Reward mean: 0.0943, std: 0.1300
[Debug] Reward mean: 0.0629, std: 0.0850
[Debug] Reward mean: 0.0814, std: 0.1235
Num steps: 1980000   Return: 2984.9   Time: 1:05:31
[Debug] Reward mean: 0.0961, std: 0.1393
[Debug] Reward mean: 0.0690, std: 0.0945
[Debug] Reward mean: 0.0880, std: 0.1262
Num steps: 1990000   Return: 1948.0   Time: 1:05:44
[Debug] Reward mean: 0.0701, std: 0.1043
[Debug] Reward mean: 0.0961, std: 0.1407
[Debug] Reward mean: 0.0723, std: 0.1223
Num steps: 2000000   Return: 3092.5   Time: 1:05:59
Models saved to logs/StickInsect-v4/airl/20250515-1608/model
