Logging started at 20250428-1542
NVIDIA RTX A6000
Process ID: 1925433
Env: StickInsect-v4, experts/StickInsect_states_v1.pt, experts/StickInsect_actions_v1.pt, Seed: 0
Rollout length: 3000
Num steps: 2000000, Eval interval: 10000
Gamma: 0.995, Mix buffer: 1, Batch size: 64
lr_actor: 0.0001, lr_critic: 0.0001, lr_disc: 0.0001
Units Actor: (64, 64), Units Critic: (64, 64)
Units Disc R: (100, 100), Units Disc V: (100, 100)
Epoch ppo: 50, Epoch disc: 10
Clip Epsc: 0.2, Lambda: 0.97, Coef Ent: 0.01, Max Grad Norm: 10.0
Load data states: (2749, 47), actions: (2749, 18)
Expert data states: (2748, 47), actions: (2748, 18)
Expert buffer size: 2748
Initial state shape: (47,)
Num steps: 10000    Return: 3003.6   Time: 0:00:21
Num steps: 20000    Return: 3001.3   Time: 0:00:41
Num steps: 30000    Return: 2933.4   Time: 0:01:01
Num steps: 40000    Return: 2988.5   Time: 0:01:21
Num steps: 50000    Return: 2944.2   Time: 0:01:41
Num steps: 60000    Return: 2934.1   Time: 0:02:01
Num steps: 70000    Return: 2961.5   Time: 0:02:21
Num steps: 80000    Return: 2975.5   Time: 0:02:40
Num steps: 90000    Return: 3043.7   Time: 0:03:00
Num steps: 100000   Return: 3043.9   Time: 0:03:20
Num steps: 110000   Return: 2474.1   Time: 0:03:38
Num steps: 120000   Return: 2964.2   Time: 0:03:58
Num steps: 130000   Return: 3010.4   Time: 0:04:18
Num steps: 140000   Return: 2396.3   Time: 0:04:37
Num steps: 150000   Return: 2458.7   Time: 0:04:55
Num steps: 160000   Return: 3026.6   Time: 0:05:15
Num steps: 170000   Return: 2942.6   Time: 0:05:35
Num steps: 180000   Return: 3098.8   Time: 0:05:55
Num steps: 190000   Return: 3020.8   Time: 0:06:14
Num steps: 200000   Return: 2985.2   Time: 0:06:34
Num steps: 210000   Return: 3005.9   Time: 0:06:54
Num steps: 220000   Return: 1873.6   Time: 0:07:10
Num steps: 230000   Return: 3077.1   Time: 0:07:29
Num steps: 240000   Return: 2973.6   Time: 0:07:49
Num steps: 250000   Return: 2973.5   Time: 0:08:09
Num steps: 260000   Return: 2954.0   Time: 0:08:33
Num steps: 270000   Return: 3015.1   Time: 0:09:22
Num steps: 280000   Return: 3003.6   Time: 0:09:46
Num steps: 290000   Return: 1838.9   Time: 0:10:05
Num steps: 300000   Return: 3037.4   Time: 0:10:28
Num steps: 310000   Return: 3140.1   Time: 0:10:50
Num steps: 320000   Return: 3070.5   Time: 0:11:11
Num steps: 330000   Return: 3032.4   Time: 0:11:33
Num steps: 340000   Return: 3146.1   Time: 0:11:58
Num steps: 350000   Return: 3009.1   Time: 0:12:21
Num steps: 360000   Return: 3039.8   Time: 0:12:46
Num steps: 370000   Return: 3111.5   Time: 0:13:12
Num steps: 380000   Return: 3020.2   Time: 0:13:34
Num steps: 390000   Return: 2985.4   Time: 0:13:56
Num steps: 400000   Return: 3045.0   Time: 0:14:18
Num steps: 410000   Return: 2973.4   Time: 0:14:39
Num steps: 420000   Return: 2971.5   Time: 0:15:05
Num steps: 430000   Return: 2983.2   Time: 0:15:30
Num steps: 440000   Return: 2994.9   Time: 0:15:52
Num steps: 450000   Return: 3009.8   Time: 0:16:15
Num steps: 460000   Return: 2492.5   Time: 0:16:37
Num steps: 470000   Return: 3013.3   Time: 0:16:58
Num steps: 480000   Return: 3058.6   Time: 0:17:20
Num steps: 490000   Return: 2979.8   Time: 0:17:42
Num steps: 500000   Return: 3035.1   Time: 0:18:03
Num steps: 510000   Return: 2521.8   Time: 0:18:23
Num steps: 520000   Return: 3121.5   Time: 0:18:45
Num steps: 530000   Return: 3078.7   Time: 0:19:07
Num steps: 540000   Return: 3086.6   Time: 0:19:33
Num steps: 550000   Return: 3113.6   Time: 0:19:57
Num steps: 560000   Return: 2527.5   Time: 0:20:16
Num steps: 570000   Return: 3130.1   Time: 0:20:39
Num steps: 580000   Return: 3231.1   Time: 0:21:00
Num steps: 590000   Return: 3165.0   Time: 0:21:21
Num steps: 600000   Return: 3254.3   Time: 0:21:42
Num steps: 610000   Return: 3264.3   Time: 0:22:04
Num steps: 620000   Return: 3188.0   Time: 0:22:26
Num steps: 630000   Return: 2565.0   Time: 0:22:48
Num steps: 640000   Return: 3212.0   Time: 0:23:09
Num steps: 650000   Return: 3212.9   Time: 0:23:31
Num steps: 660000   Return: 3115.4   Time: 0:23:53
Num steps: 670000   Return: 3085.1   Time: 0:24:15
Num steps: 680000   Return: 3100.3   Time: 0:24:37
Num steps: 690000   Return: 3274.8   Time: 0:24:59
Num steps: 700000   Return: 3166.2   Time: 0:25:21
Num steps: 710000   Return: 3070.5   Time: 0:25:43
Num steps: 720000   Return: 3099.1   Time: 0:26:06
Num steps: 730000   Return: 3140.2   Time: 0:26:27
Num steps: 740000   Return: 3001.5   Time: 0:26:49
Num steps: 750000   Return: 3011.2   Time: 0:27:11
Num steps: 760000   Return: 3161.3   Time: 0:27:32
Num steps: 770000   Return: 3087.5   Time: 0:27:55
Num steps: 780000   Return: 3111.7   Time: 0:28:18
Num steps: 790000   Return: 2492.0   Time: 0:28:39
Num steps: 800000   Return: 2949.4   Time: 0:29:02
Num steps: 810000   Return: 3003.1   Time: 0:29:25
Num steps: 820000   Return: 3156.3   Time: 0:29:47
Num steps: 830000   Return: 3013.3   Time: 0:30:08
Num steps: 840000   Return: 3082.8   Time: 0:30:31
Num steps: 850000   Return: 3076.2   Time: 0:30:53
Num steps: 860000   Return: 3019.1   Time: 0:31:14
Num steps: 870000   Return: 3059.5   Time: 0:31:36
Num steps: 880000   Return: 2960.0   Time: 0:31:58
Num steps: 890000   Return: 3117.0   Time: 0:32:19
Num steps: 900000   Return: 3072.0   Time: 0:32:43
Num steps: 910000   Return: 3031.2   Time: 0:33:05
Num steps: 920000   Return: 3124.2   Time: 0:33:27
Num steps: 930000   Return: 3135.6   Time: 0:33:49
Num steps: 940000   Return: 3070.0   Time: 0:34:12
Num steps: 950000   Return: 3131.3   Time: 0:34:34
Num steps: 960000   Return: 3038.2   Time: 0:34:56
Num steps: 970000   Return: 2982.0   Time: 0:35:17
Num steps: 980000   Return: 2970.3   Time: 0:35:38
Num steps: 990000   Return: 2954.0   Time: 0:36:05
Num steps: 1000000   Return: 2961.5   Time: 0:36:27
Num steps: 1010000   Return: 2958.6   Time: 0:36:47
Num steps: 1020000   Return: 3027.1   Time: 0:37:10
Num steps: 1030000   Return: 2978.5   Time: 0:37:32
Num steps: 1040000   Return: 2978.8   Time: 0:37:57
Num steps: 1050000   Return: 2973.1   Time: 0:38:21
Num steps: 1060000   Return: 3004.4   Time: 0:38:42
Num steps: 1070000   Return: 3023.0   Time: 0:39:04
Num steps: 1080000   Return: 2455.5   Time: 0:39:26
Num steps: 1090000   Return: 2447.2   Time: 0:39:49
Num steps: 1100000   Return: 3013.1   Time: 0:40:11
Num steps: 1110000   Return: 3057.0   Time: 0:40:36
Num steps: 1120000   Return: 3017.9   Time: 0:40:58
Num steps: 1130000   Return: 2940.4   Time: 0:41:17
Num steps: 1140000   Return: 3037.2   Time: 0:41:38
Num steps: 1150000   Return: 2999.5   Time: 0:41:58
Num steps: 1160000   Return: 2418.5   Time: 0:42:17
Num steps: 1170000   Return: 2960.6   Time: 0:42:37
Num steps: 1180000   Return: 3022.5   Time: 0:42:57
Num steps: 1190000   Return: 3008.7   Time: 0:43:17
Num steps: 1200000   Return: 3051.6   Time: 0:43:38
Num steps: 1210000   Return: 2437.7   Time: 0:43:56
Num steps: 1220000   Return: 3002.9   Time: 0:44:17
Num steps: 1230000   Return: 2963.2   Time: 0:44:38
Num steps: 1240000   Return: 2953.7   Time: 0:44:58
Num steps: 1250000   Return: 3019.0   Time: 0:45:18
Num steps: 1260000   Return: 3028.0   Time: 0:45:38
Num steps: 1270000   Return: 2971.9   Time: 0:45:59
Num steps: 1280000   Return: 2957.5   Time: 0:46:19
Num steps: 1290000   Return: 2950.4   Time: 0:46:40
Num steps: 1300000   Return: 2928.6   Time: 0:47:11
Num steps: 1310000   Return: 2323.0   Time: 0:47:50
Num steps: 1320000   Return: 3035.4   Time: 0:48:13
Num steps: 1330000   Return: 3134.9   Time: 0:48:36
Num steps: 1340000   Return: 3044.3   Time: 0:48:58
Num steps: 1350000   Return: 3021.4   Time: 0:49:20
Num steps: 1360000   Return: 2942.4   Time: 0:49:41
Num steps: 1370000   Return: 3021.0   Time: 0:50:04
Num steps: 1380000   Return: 2955.0   Time: 0:50:26
Num steps: 1390000   Return: 2923.5   Time: 0:50:48
Num steps: 1400000   Return: 2382.7   Time: 0:51:08
Num steps: 1410000   Return: 2900.7   Time: 0:51:31
Num steps: 1420000   Return: 2969.5   Time: 0:51:53
Num steps: 1430000   Return: 2386.2   Time: 0:52:13
Num steps: 1440000   Return: 2865.0   Time: 0:52:35
Num steps: 1450000   Return: 2823.7   Time: 0:52:58
Num steps: 1460000   Return: 2834.6   Time: 0:53:18
Num steps: 1470000   Return: 2420.9   Time: 0:53:44
Num steps: 1480000   Return: 2977.1   Time: 0:54:34
Num steps: 1490000   Return: 2999.7   Time: 0:54:57
Num steps: 1500000   Return: 2832.3   Time: 0:55:21
Num steps: 1510000   Return: 2938.0   Time: 0:55:42
Num steps: 1520000   Return: 2349.2   Time: 0:56:02
Num steps: 1530000   Return: 1845.6   Time: 0:56:20
Num steps: 1540000   Return: 2857.3   Time: 0:56:43
Num steps: 1550000   Return: 2850.3   Time: 0:57:07
Num steps: 1560000   Return: 2982.7   Time: 0:57:32
Num steps: 1570000   Return: 2365.8   Time: 0:57:52
Num steps: 1580000   Return: 2205.4   Time: 0:58:11
Num steps: 1590000   Return: 2353.4   Time: 0:58:29
Num steps: 1600000   Return: 2493.0   Time: 0:58:50
Num steps: 1610000   Return: 2933.7   Time: 0:59:11
Num steps: 1620000   Return: 2916.7   Time: 0:59:33
Num steps: 1630000   Return: 2927.4   Time: 0:59:57
Num steps: 1640000   Return: 2465.2   Time: 1:00:19
Num steps: 1650000   Return: 2931.2   Time: 1:00:40
Num steps: 1660000   Return: 3055.9   Time: 1:01:02
Num steps: 1670000   Return: 2990.9   Time: 1:01:23
Num steps: 1680000   Return: 2998.3   Time: 1:01:47
Num steps: 1690000   Return: 2984.4   Time: 1:02:08
Num steps: 1700000   Return: 3080.6   Time: 1:02:29
Num steps: 1710000   Return: 3014.1   Time: 1:02:50
Num steps: 1720000   Return: 2478.0   Time: 1:03:09
Num steps: 1730000   Return: 3040.2   Time: 1:03:30
Num steps: 1740000   Return: 3062.1   Time: 1:03:52
Num steps: 1750000   Return: 3070.5   Time: 1:04:12
Num steps: 1760000   Return: 2427.6   Time: 1:04:36
Num steps: 1770000   Return: 3019.2   Time: 1:04:58
Num steps: 1780000   Return: 2989.9   Time: 1:05:19
Num steps: 1790000   Return: 2449.1   Time: 1:05:38
Num steps: 1800000   Return: 3117.7   Time: 1:05:59
Num steps: 1810000   Return: 2954.2   Time: 1:06:20
Num steps: 1820000   Return: 2441.5   Time: 1:06:43
Num steps: 1830000   Return: 3019.2   Time: 1:07:05
Num steps: 1840000   Return: 3002.6   Time: 1:07:27
Num steps: 1850000   Return: 1813.3   Time: 1:07:45
Num steps: 1860000   Return: 3018.7   Time: 1:08:07
Num steps: 1870000   Return: 2963.1   Time: 1:08:28
Num steps: 1880000   Return: 3079.9   Time: 1:08:49
Num steps: 1890000   Return: 2944.2   Time: 1:09:11
Num steps: 1900000   Return: 2922.6   Time: 1:09:31
Num steps: 1910000   Return: 3053.5   Time: 1:09:53
Num steps: 1920000   Return: 2981.1   Time: 1:10:15
Num steps: 1930000   Return: 2864.7   Time: 1:10:38
Num steps: 1940000   Return: 2847.0   Time: 1:11:00
Num steps: 1950000   Return: 2876.3   Time: 1:11:20
Num steps: 1960000   Return: 2990.4   Time: 1:11:42
Num steps: 1970000   Return: 3009.3   Time: 1:11:58
Num steps: 1980000   Return: 3149.4   Time: 1:12:14
Num steps: 1990000   Return: 2611.7   Time: 1:12:28
Num steps: 2000000   Return: 3016.6   Time: 1:12:45
Models saved to logs/StickInsect-v4/airl/20250428-1542/model
