Logging started at 20250314-1353
NVIDIA RTX A6000
Process ID: 640304
Note: NumExpr detected 64 cores but "NUMEXPR_MAX_THREADS" not set, so enforcing safe limit of 8.
NumExpr defaulting to 8 threads.
Initial state shape: (11,)
Num steps: 10000    Return: 104.6   Time: 0:00:08
Num steps: 20000    Return: 311.1   Time: 0:01:52
Num steps: 30000    Return: 234.9   Time: 0:03:42
Num steps: 40000    Return: 439.1   Time: 0:05:31
Num steps: 50000    Return: 463.7   Time: 0:07:11
Num steps: 60000    Return: 843.2   Time: 0:08:58
Num steps: 70000    Return: 691.4   Time: 0:10:42
Num steps: 80000    Return: 880.6   Time: 0:12:32
Num steps: 90000    Return: 753.1   Time: 0:14:22
Num steps: 100000   Return: 1202.4   Time: 0:16:09
Num steps: 110000   Return: 1063.0   Time: 0:17:56
Num steps: 120000   Return: 2072.3   Time: 0:19:40
Num steps: 130000   Return: 1563.4   Time: 0:21:28
Num steps: 140000   Return: 908.9   Time: 0:23:13
Num steps: 150000   Return: 1586.8   Time: 0:24:52
Num steps: 160000   Return: 3122.9   Time: 0:26:31
Num steps: 170000   Return: 3269.3   Time: 0:28:04
Num steps: 180000   Return: 2860.0   Time: 0:29:40
Num steps: 190000   Return: 2108.8   Time: 0:31:15
Num steps: 200000   Return: 3262.4   Time: 0:32:52
Num steps: 210000   Return: 3299.6   Time: 0:34:29
Num steps: 220000   Return: 3306.4   Time: 0:36:06
Num steps: 230000   Return: 3258.5   Time: 0:37:46
Num steps: 240000   Return: 3245.8   Time: 0:39:24
Num steps: 250000   Return: 3312.3   Time: 0:41:05
Num steps: 260000   Return: 3201.8   Time: 0:42:43
Num steps: 270000   Return: 3404.6   Time: 0:44:21
Num steps: 280000   Return: 1728.0   Time: 0:45:56
Num steps: 290000   Return: 3370.3   Time: 0:47:41
Num steps: 300000   Return: 3374.2   Time: 0:49:27
Num steps: 310000   Return: 3373.4   Time: 0:51:10
Num steps: 320000   Return: 3385.8   Time: 0:52:51
Num steps: 330000   Return: 2941.6   Time: 0:54:33
Num steps: 340000   Return: 3334.5   Time: 0:56:22
Num steps: 350000   Return: 3384.6   Time: 0:58:06
Num steps: 360000   Return: 3098.2   Time: 0:59:44
Num steps: 370000   Return: 3316.5   Time: 1:01:25
Num steps: 380000   Return: 3418.8   Time: 1:03:06
Num steps: 390000   Return: 3021.7   Time: 1:04:47
Num steps: 400000   Return: 3367.8   Time: 1:06:29
Num steps: 410000   Return: 1120.0   Time: 1:08:08
Num steps: 420000   Return: 3303.9   Time: 1:09:48
Num steps: 430000   Return: 2987.3   Time: 1:11:28
Num steps: 440000   Return: 3395.8   Time: 1:13:08
Num steps: 450000   Return: 3382.6   Time: 1:14:54
Num steps: 460000   Return: 3439.8   Time: 1:16:45
Num steps: 470000   Return: 3360.5   Time: 1:18:46
Num steps: 480000   Return: 3408.5   Time: 1:20:47
Num steps: 490000   Return: 2653.3   Time: 1:22:47
Num steps: 500000   Return: 3395.2   Time: 1:24:46
Num steps: 510000   Return: 3369.4   Time: 1:26:47
Num steps: 520000   Return: 3408.8   Time: 1:28:51
Num steps: 530000   Return: 1936.8   Time: 1:30:50
Num steps: 540000   Return: 3417.8   Time: 1:32:50
Num steps: 550000   Return: 3395.1   Time: 1:34:52
Num steps: 560000   Return: 3447.0   Time: 1:36:54
Num steps: 570000   Return: 3362.4   Time: 1:38:54
Num steps: 580000   Return: 3384.2   Time: 1:40:53
Num steps: 590000   Return: 3417.5   Time: 1:42:54
Num steps: 600000   Return: 2035.6   Time: 1:44:55
Num steps: 610000   Return: 2150.0   Time: 1:46:51
Num steps: 620000   Return: 3000.0   Time: 1:48:51
Num steps: 630000   Return: 1930.3   Time: 1:50:48
Num steps: 640000   Return: 3430.7   Time: 1:52:49
Num steps: 650000   Return: 1722.2   Time: 1:54:48
Num steps: 660000   Return: 3397.4   Time: 1:56:50
Num steps: 670000   Return: 3426.0   Time: 1:58:53
Num steps: 680000   Return: 2672.4   Time: 2:00:51
Num steps: 690000   Return: 3410.5   Time: 2:02:49
Num steps: 700000   Return: 3407.3   Time: 2:04:45
Num steps: 710000   Return: 3400.8   Time: 2:06:44
Num steps: 720000   Return: 3432.5   Time: 2:08:43
Num steps: 730000   Return: 3462.9   Time: 2:10:40
Num steps: 740000   Return: 3489.6   Time: 2:12:37
Num steps: 750000   Return: 3415.8   Time: 2:14:35
Num steps: 760000   Return: 3467.3   Time: 2:16:33
Num steps: 770000   Return: 3423.8   Time: 2:18:31
Num steps: 780000   Return: 3031.8   Time: 2:20:27
Num steps: 790000   Return: 3492.6   Time: 2:22:25
Num steps: 800000   Return: 3501.5   Time: 2:24:21
Num steps: 810000   Return: 3441.8   Time: 2:26:17
Num steps: 820000   Return: 3475.9   Time: 2:28:17
Num steps: 830000   Return: 3406.7   Time: 2:30:16
Num steps: 840000   Return: 3477.5   Time: 2:32:14
Num steps: 850000   Return: 3469.4   Time: 2:34:13
Num steps: 860000   Return: 3478.4   Time: 2:36:10
Num steps: 870000   Return: 3476.7   Time: 2:38:09
Num steps: 880000   Return: 3488.7   Time: 2:39:52
Num steps: 890000   Return: 3446.7   Time: 2:41:29
Num steps: 900000   Return: 3488.4   Time: 2:43:10
Num steps: 910000   Return: 3504.9   Time: 2:44:53
Num steps: 920000   Return: 3466.7   Time: 2:46:39
Num steps: 930000   Return: 3338.1   Time: 2:48:25
Num steps: 940000   Return: 3495.4   Time: 2:50:19
Num steps: 950000   Return: 3492.4   Time: 2:52:18
Num steps: 960000   Return: 2834.0   Time: 2:54:16
Num steps: 970000   Return: 707.9   Time: 2:56:10
Num steps: 980000   Return: 3101.4   Time: 2:58:06
Num steps: 990000   Return: 3340.4   Time: 3:00:06
Num steps: 1000000   Return: 3502.7   Time: 3:02:05
