Logging started at 20250428-1525
NVIDIA RTX A6000
Process ID: 1917905
Env: StickInsect-v4, experts/StickInsect_states.pt, experts/StickInsect_actions.pt, Seed: 0
Rollout length: 3000
Num steps: 2000000, Eval interval: 10000
Gamma: 0.995, Mix buffer: 1, Batch size: 64
lr_actor: 0.0001, lr_critic: 0.0001, lr_disc: 0.0001
Units Actor: (64, 64), Units Critic: (64, 64)
Units Disc R: (100, 100), Units Disc V: (100, 100)
Epoch ppo: 50, Epoch disc: 10
Clip Epsc: 0.2, Lambda: 0.97, Coef Ent: 0.01, Max Grad Norm: 10.0
Load data states: (5208, 47), actions: (5208, 18)
Expert data states: (5207, 47), actions: (5207, 18)
Expert buffer size: 5207
Initial state shape: (47,)
Num steps: 10000    Return: 2732.4   Time: 0:00:20
Num steps: 20000    Return: 3006.9   Time: 0:00:41
Num steps: 30000    Return: 2897.6   Time: 0:01:08
Num steps: 40000    Return: 3153.0   Time: 0:01:34
Num steps: 50000    Return: 3038.3   Time: 0:02:00
Num steps: 60000    Return: 2992.6   Time: 0:02:27
Num steps: 70000    Return: 3117.0   Time: 0:02:53
Num steps: 80000    Return: 3005.6   Time: 0:03:19
Num steps: 90000    Return: 3044.9   Time: 0:03:46
Num steps: 100000   Return: 3056.1   Time: 0:04:12
Num steps: 110000   Return: 3012.0   Time: 0:04:39
Num steps: 120000   Return: 3046.6   Time: 0:05:06
Num steps: 130000   Return: 2984.4   Time: 0:05:32
Num steps: 140000   Return: 2999.4   Time: 0:05:59
Num steps: 150000   Return: 3015.0   Time: 0:06:27
Num steps: 160000   Return: 2934.8   Time: 0:06:53
Num steps: 170000   Return: 3052.0   Time: 0:07:20
Num steps: 180000   Return: 2952.8   Time: 0:07:47
Num steps: 190000   Return: 2974.6   Time: 0:08:13
Num steps: 200000   Return: 3053.6   Time: 0:08:40
Num steps: 210000   Return: 2959.5   Time: 0:09:07
Num steps: 220000   Return: 3007.0   Time: 0:09:34
Num steps: 230000   Return: 3014.0   Time: 0:10:00
Num steps: 240000   Return: 3012.0   Time: 0:10:27
Num steps: 250000   Return: 2416.7   Time: 0:10:52
Num steps: 260000   Return: 2963.5   Time: 0:11:19
Num steps: 270000   Return: 2959.6   Time: 0:11:46
Num steps: 280000   Return: 2967.2   Time: 0:12:13
Num steps: 290000   Return: 2971.3   Time: 0:12:40
Num steps: 300000   Return: 3034.7   Time: 0:13:07
Num steps: 310000   Return: 3103.2   Time: 0:13:34
Num steps: 320000   Return: 1924.8   Time: 0:13:56
Num steps: 330000   Return: 3079.0   Time: 0:14:23
Num steps: 340000   Return: 3098.9   Time: 0:14:50
Num steps: 350000   Return: 3198.4   Time: 0:15:16
Num steps: 360000   Return: 3135.3   Time: 0:15:43
Num steps: 370000   Return: 3057.9   Time: 0:16:10
Num steps: 380000   Return: 3040.0   Time: 0:16:36
Num steps: 390000   Return: 2992.8   Time: 0:17:02
Num steps: 400000   Return: 2934.0   Time: 0:17:29
Num steps: 410000   Return: 2933.4   Time: 0:17:54
Num steps: 420000   Return: 2950.4   Time: 0:18:21
Num steps: 430000   Return: 2852.3   Time: 0:18:46
Num steps: 440000   Return: 2909.6   Time: 0:19:12
Num steps: 450000   Return: 2943.1   Time: 0:19:38
Num steps: 460000   Return: 3086.2   Time: 0:20:03
Num steps: 470000   Return: 3030.2   Time: 0:20:29
Num steps: 480000   Return: 3049.1   Time: 0:20:55
Num steps: 490000   Return: 3005.2   Time: 0:21:20
Num steps: 500000   Return: 3087.6   Time: 0:21:45
Num steps: 510000   Return: 3067.5   Time: 0:22:12
Num steps: 520000   Return: 3035.9   Time: 0:22:38
Num steps: 530000   Return: 2439.5   Time: 0:23:02
Num steps: 540000   Return: 3013.7   Time: 0:23:28
Num steps: 550000   Return: 2465.5   Time: 0:23:52
Num steps: 560000   Return: 2994.2   Time: 0:24:18
Num steps: 570000   Return: 3019.6   Time: 0:24:44
Num steps: 580000   Return: 2957.6   Time: 0:25:11
Num steps: 590000   Return: 2392.1   Time: 0:25:57
Num steps: 600000   Return: 3035.9   Time: 0:26:30
Num steps: 610000   Return: 3035.9   Time: 0:26:58
Num steps: 620000   Return: 2947.1   Time: 0:27:26
Num steps: 630000   Return: 3206.1   Time: 0:27:53
Num steps: 640000   Return: 2932.9   Time: 0:28:20
Num steps: 650000   Return: 3072.4   Time: 0:28:46
Num steps: 660000   Return: 2994.7   Time: 0:29:13
Num steps: 670000   Return: 2966.4   Time: 0:29:40
Num steps: 680000   Return: 2974.0   Time: 0:30:07
Num steps: 690000   Return: 2998.8   Time: 0:30:35
Num steps: 700000   Return: 2958.7   Time: 0:31:03
Num steps: 710000   Return: 2982.6   Time: 0:31:30
Num steps: 720000   Return: 3018.2   Time: 0:31:58
Num steps: 730000   Return: 3013.2   Time: 0:32:27
Num steps: 740000   Return: 3034.3   Time: 0:32:54
Num steps: 750000   Return: 2965.0   Time: 0:33:22
Num steps: 760000   Return: 3071.2   Time: 0:33:49
Num steps: 770000   Return: 2941.6   Time: 0:34:15
Num steps: 780000   Return: 2967.5   Time: 0:34:43
Num steps: 790000   Return: 3035.9   Time: 0:35:11
Num steps: 800000   Return: 2983.9   Time: 0:35:37
Num steps: 810000   Return: 2934.2   Time: 0:36:05
Num steps: 820000   Return: 2948.0   Time: 0:36:31
Num steps: 830000   Return: 2952.8   Time: 0:36:58
Num steps: 840000   Return: 3077.0   Time: 0:37:26
Num steps: 850000   Return: 3066.7   Time: 0:37:52
Num steps: 860000   Return: 3007.2   Time: 0:38:19
Num steps: 870000   Return: 3006.3   Time: 0:38:46
Num steps: 880000   Return: 2971.1   Time: 0:39:14
Num steps: 890000   Return: 3047.4   Time: 0:39:40
Num steps: 900000   Return: 2956.5   Time: 0:40:08
Num steps: 910000   Return: 3107.9   Time: 0:40:34
Num steps: 920000   Return: 3053.0   Time: 0:41:02
Num steps: 930000   Return: 2985.6   Time: 0:41:28
Num steps: 940000   Return: 2977.8   Time: 0:41:56
Num steps: 950000   Return: 2924.7   Time: 0:42:22
Num steps: 960000   Return: 2947.5   Time: 0:42:50
Num steps: 970000   Return: 3049.3   Time: 0:43:17
Num steps: 980000   Return: 3073.2   Time: 0:43:44
Num steps: 990000   Return: 3061.0   Time: 0:44:12
Num steps: 1000000   Return: 3033.6   Time: 0:44:39
Num steps: 1010000   Return: 2412.8   Time: 0:45:04
Num steps: 1020000   Return: 3051.3   Time: 0:45:32
Num steps: 1030000   Return: 3102.8   Time: 0:45:59
Num steps: 1040000   Return: 2984.5   Time: 0:46:27
Num steps: 1050000   Return: 3057.7   Time: 0:46:54
Num steps: 1060000   Return: 2996.0   Time: 0:47:21
Num steps: 1070000   Return: 3085.4   Time: 0:47:48
Num steps: 1080000   Return: 3065.0   Time: 0:48:19
Num steps: 1090000   Return: 3101.6   Time: 0:48:47
Num steps: 1100000   Return: 3138.7   Time: 0:49:14
Num steps: 1110000   Return: 2471.2   Time: 0:49:41
Num steps: 1120000   Return: 3090.0   Time: 0:50:08
Num steps: 1130000   Return: 3043.4   Time: 0:50:34
Num steps: 1140000   Return: 3106.2   Time: 0:51:01
Num steps: 1150000   Return: 2977.7   Time: 0:51:29
Num steps: 1160000   Return: 3125.2   Time: 0:51:56
Num steps: 1170000   Return: 3043.0   Time: 0:52:23
Num steps: 1180000   Return: 2993.4   Time: 0:52:51
Num steps: 1190000   Return: 3191.4   Time: 0:53:21
Num steps: 1200000   Return: 3038.4   Time: 0:53:48
Num steps: 1210000   Return: 2984.2   Time: 0:54:15
Num steps: 1220000   Return: 2472.9   Time: 0:54:40
Num steps: 1230000   Return: 2966.1   Time: 0:55:07
Num steps: 1240000   Return: 2955.1   Time: 0:55:34
Num steps: 1250000   Return: 2950.0   Time: 0:56:00
Num steps: 1260000   Return: 3092.5   Time: 0:56:29
Num steps: 1270000   Return: 3054.2   Time: 0:56:56
Num steps: 1280000   Return: 3009.5   Time: 0:57:22
Num steps: 1290000   Return: 2998.9   Time: 0:57:49
Num steps: 1300000   Return: 2977.9   Time: 0:58:15
Num steps: 1310000   Return: 2984.1   Time: 0:58:41
Num steps: 1320000   Return: 3079.8   Time: 0:59:07
Num steps: 1330000   Return: 3013.7   Time: 0:59:32
Num steps: 1340000   Return: 2946.5   Time: 0:59:58
Num steps: 1350000   Return: 3009.7   Time: 1:00:24
Num steps: 1360000   Return: 2939.1   Time: 1:00:50
Num steps: 1370000   Return: 2967.8   Time: 1:01:15
Num steps: 1380000   Return: 2986.0   Time: 1:01:41
Num steps: 1390000   Return: 2983.2   Time: 1:02:08
Num steps: 1400000   Return: 2919.8   Time: 1:02:34
Num steps: 1410000   Return: 3092.3   Time: 1:03:00
Num steps: 1420000   Return: 3027.5   Time: 1:03:26
Num steps: 1430000   Return: 3040.6   Time: 1:04:07
Num steps: 1440000   Return: 3117.5   Time: 1:04:45
Num steps: 1450000   Return: 2960.6   Time: 1:05:12
Num steps: 1460000   Return: 3080.2   Time: 1:05:39
Num steps: 1470000   Return: 2461.7   Time: 1:06:04
Num steps: 1480000   Return: 3121.5   Time: 1:06:31
Num steps: 1490000   Return: 3150.6   Time: 1:06:58
Num steps: 1500000   Return: 3000.6   Time: 1:07:25
Num steps: 1510000   Return: 3027.2   Time: 1:07:53
Num steps: 1520000   Return: 2564.4   Time: 1:08:19
Num steps: 1530000   Return: 3270.7   Time: 1:08:47
Num steps: 1540000   Return: 3128.8   Time: 1:09:13
Num steps: 1550000   Return: 3133.3   Time: 1:09:40
Num steps: 1560000   Return: 3082.2   Time: 1:10:07
Num steps: 1570000   Return: 2976.2   Time: 1:10:47
Num steps: 1580000   Return: 3161.4   Time: 1:11:28
Num steps: 1590000   Return: 3087.7   Time: 1:11:57
Num steps: 1600000   Return: 3016.1   Time: 1:12:26
Num steps: 1610000   Return: 3046.5   Time: 1:12:53
Num steps: 1620000   Return: 3173.4   Time: 1:13:20
Num steps: 1630000   Return: 3040.1   Time: 1:13:48
Num steps: 1640000   Return: 3090.4   Time: 1:14:15
Num steps: 1650000   Return: 3169.2   Time: 1:14:42
Num steps: 1660000   Return: 3054.1   Time: 1:15:09
Num steps: 1670000   Return: 3145.1   Time: 1:15:34
Num steps: 1680000   Return: 3060.5   Time: 1:16:01
Num steps: 1690000   Return: 2527.0   Time: 1:16:28
Num steps: 1700000   Return: 3202.7   Time: 1:16:58
Num steps: 1710000   Return: 2097.7   Time: 1:17:22
Num steps: 1720000   Return: 3157.9   Time: 1:17:50
Num steps: 1730000   Return: 3179.0   Time: 1:18:16
Num steps: 1740000   Return: 3064.8   Time: 1:18:45
Num steps: 1750000   Return: 3205.1   Time: 1:19:11
Num steps: 1760000   Return: 2125.1   Time: 1:19:34
Num steps: 1770000   Return: 3120.8   Time: 1:20:02
Num steps: 1780000   Return: 3059.2   Time: 1:20:29
Num steps: 1790000   Return: 3159.1   Time: 1:20:56
Num steps: 1800000   Return: 3056.1   Time: 1:21:26
Num steps: 1810000   Return: 3076.5   Time: 1:21:53
Num steps: 1820000   Return: 2848.4   Time: 1:22:20
Num steps: 1830000   Return: 2999.4   Time: 1:22:46
Num steps: 1840000   Return: 2905.0   Time: 1:23:13
Num steps: 1850000   Return: 3035.9   Time: 1:23:40
Num steps: 1860000   Return: 3035.1   Time: 1:24:07
Num steps: 1870000   Return: 3006.0   Time: 1:24:35
Num steps: 1880000   Return: 2914.4   Time: 1:25:01
Num steps: 1890000   Return: 2903.4   Time: 1:25:29
Num steps: 1900000   Return: 2403.7   Time: 1:25:53
Num steps: 1910000   Return: 2846.8   Time: 1:26:22
Num steps: 1920000   Return: 2849.8   Time: 1:26:50
Num steps: 1930000   Return: 2865.3   Time: 1:27:16
Num steps: 1940000   Return: 2859.9   Time: 1:27:45
Num steps: 1950000   Return: 2846.0   Time: 1:28:17
Num steps: 1960000   Return: 2283.1   Time: 1:28:41
Num steps: 1970000   Return: 2878.2   Time: 1:29:08
Num steps: 1980000   Return: 2853.8   Time: 1:29:34
Num steps: 1990000   Return: 2915.7   Time: 1:29:59
Num steps: 2000000   Return: 2907.1   Time: 1:30:20
Models saved to logs/StickInsect-v4/airl/20250428-1525/model
