Logging started at 20250425-1216
NVIDIA RTX A6000
Process ID: 1627437
Env: StickInsect-v4, experts/StickInsect_states.pt, experts/StickInsect_actions.pt, Seed: 0
Rollout length: 1000
Num steps: 40000000, Eval interval: 100000
Gamma: 0.995, Mix buffer: 1, Batch size: 64
lr_actor: 0.0001, lr_critic: 3e-05, lr_disc: 3e-05
Units Actor: (64, 64), Units Critic: (64, 64)
Units Disc R: (100, 100), Units Disc V: (100, 100)
Epoch ppo: 50, Epoch disc: 10
Clip Epsc: 0.2, Lambda: 0.97, Coef Ent: 0.01, Max Grad Norm: 10.0
Load data states: (5208, 47), actions: (5208, 18)
Expert data states: (5207, 47), actions: (5207, 18)
Expert buffer size: 5207
Initial state shape: (47,)
Num steps: 100000   Return: -679.7   Time: 0:06:24
Num steps: 200000   Return: -1064.1   Time: 0:12:42
Num steps: 300000   Return: -4804.9   Time: 0:18:49
Num steps: 400000   Return: -1067.4   Time: 0:24:58
Num steps: 500000   Return: -1846.8   Time: 0:31:15
Num steps: 600000   Return: -667.1   Time: 0:37:26
Num steps: 700000   Return: -10633.5   Time: 0:43:52
Num steps: 800000   Return: -8428.8   Time: 0:50:16
Num steps: 900000   Return: -11431.9   Time: 0:56:36
Num steps: 1000000   Return: -6720.1   Time: 1:02:49
Num steps: 1100000   Return: -5452.6   Time: 1:06:23
Num steps: 1200000   Return: -13944.3   Time: 1:09:44
Num steps: 1300000   Return: -10284.7   Time: 1:12:56
Num steps: 1400000   Return: -12107.1   Time: 1:16:08
Num steps: 1500000   Return: -20368.9   Time: 1:19:19
Num steps: 1600000   Return: -18999.5   Time: 1:22:36
Num steps: 1700000   Return: -3611.2   Time: 1:25:51
Num steps: 1800000   Return: -17153.2   Time: 1:29:09
Num steps: 1900000   Return: -12023.9   Time: 1:32:20
Num steps: 2000000   Return: -15846.3   Time: 1:37:21
Num steps: 2100000   Return: -29269.0   Time: 1:45:27
Num steps: 2200000   Return: -31696.8   Time: 1:51:14
Num steps: 2300000   Return: -30465.3   Time: 1:57:00
Num steps: 2400000   Return: -35391.5   Time: 2:03:09
Num steps: 2500000   Return: -31079.8   Time: 2:09:22
Num steps: 2600000   Return: -40857.6   Time: 2:15:40
Num steps: 2700000   Return: -45477.1   Time: 2:21:44
Num steps: 2800000   Return: -43748.6   Time: 2:28:18
Num steps: 2900000   Return: -29175.3   Time: 2:34:44
Num steps: 3000000   Return: -28967.5   Time: 2:40:58
Num steps: 3100000   Return: -22530.0   Time: 2:47:17
Num steps: 3200000   Return: -32744.1   Time: 2:53:30
Num steps: 3300000   Return: -22223.9   Time: 3:00:00
Num steps: 3400000   Return: -24402.5   Time: 3:06:27
Num steps: 3500000   Return: -24521.2   Time: 3:12:45
Num steps: 3600000   Return: -25974.2   Time: 3:19:07
Num steps: 3700000   Return: -25529.8   Time: 3:25:22
Num steps: 3800000   Return: -26098.7   Time: 3:31:50
Num steps: 3900000   Return: -23635.9   Time: 3:38:15
Num steps: 4000000   Return: -38781.3   Time: 3:44:38
Num steps: 4100000   Return: -44403.2   Time: 3:51:17
Num steps: 4200000   Return: -40159.2   Time: 3:57:55
Num steps: 4300000   Return: -33144.7   Time: 4:06:39
Num steps: 4400000   Return: -27949.7   Time: 4:13:13
Num steps: 4500000   Return: -25855.6   Time: 4:19:56
Num steps: 4600000   Return: -18880.6   Time: 4:26:34
Num steps: 4700000   Return: -28830.2   Time: 4:33:11
Num steps: 4800000   Return: -26131.6   Time: 4:39:35
Num steps: 4900000   Return: -33113.9   Time: 4:46:17
Num steps: 5000000   Return: -35428.2   Time: 4:52:56
Num steps: 5100000   Return: -38960.2   Time: 4:59:43
Num steps: 5200000   Return: -52333.4   Time: 5:06:04
Num steps: 5300000   Return: -52289.7   Time: 5:12:20
Num steps: 5400000   Return: -46793.6   Time: 5:18:41
Num steps: 5500000   Return: -52334.7   Time: 5:24:47
Num steps: 5600000   Return: -52329.4   Time: 5:28:37
Num steps: 5700000   Return: -38985.6   Time: 5:32:32
Num steps: 5800000   Return: -52294.1   Time: 5:36:23
Num steps: 5900000   Return: -46070.2   Time: 5:40:02
Num steps: 6000000   Return: -45253.0   Time: 5:43:51
Num steps: 6100000   Return: -45660.6   Time: 5:47:43
Num steps: 6200000   Return: -44771.1   Time: 5:51:28
Num steps: 6300000   Return: -45362.3   Time: 5:55:12
Num steps: 6400000   Return: -52299.7   Time: 5:59:36
Num steps: 6500000   Return: -29725.9   Time: 6:04:10
Num steps: 6600000   Return: -52324.9   Time: 6:08:35
Num steps: 6700000   Return: -29934.2   Time: 6:13:01
Num steps: 6800000   Return: -42619.5   Time: 6:17:25
Num steps: 6900000   Return: -35818.0   Time: 6:21:59
Num steps: 7000000   Return: -45623.5   Time: 6:26:38
Num steps: 7100000   Return: -42572.8   Time: 6:31:13
Num steps: 7200000   Return: -52301.7   Time: 6:35:41
Num steps: 7300000   Return: -52287.4   Time: 6:40:22
Num steps: 7400000   Return: -46048.9   Time: 6:45:04
Num steps: 7500000   Return: -35722.7   Time: 6:49:53
Num steps: 7600000   Return: -46462.9   Time: 6:54:42
Num steps: 7700000   Return: -38773.8   Time: 6:59:31
Num steps: 7800000   Return: -44361.2   Time: 7:04:15
Num steps: 7900000   Return: -40964.4   Time: 7:09:10
Num steps: 8000000   Return: -45530.0   Time: 7:13:58
Num steps: 8100000   Return: -52333.9   Time: 7:18:53
Num steps: 8200000   Return: -45137.1   Time: 7:23:42
Num steps: 8300000   Return: -52332.1   Time: 7:28:35
Num steps: 8400000   Return: -52323.1   Time: 7:33:21
Num steps: 8500000   Return: -37319.7   Time: 7:38:05
Num steps: 8600000   Return: -44999.8   Time: 7:42:58
Num steps: 8700000   Return: -44821.7   Time: 7:47:41
Num steps: 8800000   Return: -52297.9   Time: 7:52:30
Num steps: 8900000   Return: -30468.4   Time: 7:57:15
Num steps: 9000000   Return: -46233.3   Time: 8:01:48
Num steps: 9100000   Return: -44678.7   Time: 8:06:14
Num steps: 9200000   Return: -52288.3   Time: 8:10:41
Num steps: 9300000   Return: -52346.0   Time: 8:15:04
Num steps: 9400000   Return: -52299.2   Time: 8:19:31
Num steps: 9500000   Return: -45008.6   Time: 8:23:50
Num steps: 9600000   Return: -38939.1   Time: 8:28:16
Num steps: 9700000   Return: -46128.2   Time: 8:32:34
Num steps: 9800000   Return: -46190.4   Time: 8:36:57
Num steps: 9900000   Return: -45318.9   Time: 8:41:17
Num steps: 10000000   Return: -46611.3   Time: 8:45:33
Num steps: 10100000   Return: -43961.6   Time: 8:50:08
Num steps: 10200000   Return: -52292.3   Time: 8:54:34
Num steps: 10300000   Return: -44939.1   Time: 8:59:09
Num steps: 10400000   Return: -44999.9   Time: 9:03:38
Num steps: 10500000   Return: -52377.6   Time: 9:08:01
Num steps: 10600000   Return: -46338.2   Time: 9:12:36
Num steps: 10700000   Return: -40754.8   Time: 9:17:02
Num steps: 10800000   Return: -52324.6   Time: 9:21:08
Num steps: 10900000   Return: -37137.8   Time: 9:24:51
Num steps: 11000000   Return: -46661.8   Time: 9:28:36
Num steps: 11100000   Return: -45441.3   Time: 9:32:16
Num steps: 11200000   Return: -35891.4   Time: 9:35:51
Num steps: 11300000   Return: -45536.9   Time: 9:39:20
Num steps: 11400000   Return: -52281.3   Time: 9:42:57
Num steps: 11500000   Return: -52255.8   Time: 9:46:28
Num steps: 11600000   Return: -52442.3   Time: 9:49:59
Num steps: 11700000   Return: -45751.9   Time: 9:53:26
Num steps: 11800000   Return: -45603.8   Time: 9:57:01
Num steps: 11900000   Return: -44484.9   Time: 10:00:36
Num steps: 12000000   Return: -47278.2   Time: 10:04:04
Num steps: 12100000   Return: -52270.5   Time: 10:07:32
Num steps: 12200000   Return: -52297.1   Time: 10:11:06
Num steps: 12300000   Return: -52317.1   Time: 10:14:37
Num steps: 12400000   Return: -44592.1   Time: 10:18:11
Num steps: 12500000   Return: -52324.8   Time: 10:21:38
Num steps: 12600000   Return: -35433.2   Time: 10:25:09
Num steps: 12700000   Return: -45066.3   Time: 10:28:37
Num steps: 12800000   Return: -46471.4   Time: 10:32:10
Num steps: 12900000   Return: -52269.3   Time: 10:35:41
Num steps: 13000000   Return: -52300.3   Time: 10:39:08
Num steps: 13100000   Return: -44918.0   Time: 10:42:34
Num steps: 13200000   Return: -38169.6   Time: 10:46:06
Num steps: 13300000   Return: -38675.1   Time: 10:49:31
Num steps: 13400000   Return: -45042.8   Time: 10:53:00
Num steps: 13500000   Return: -52325.8   Time: 10:56:24
Num steps: 13600000   Return: -45441.0   Time: 10:59:50
Num steps: 13700000   Return: -45415.5   Time: 11:03:18
Num steps: 13800000   Return: -45379.2   Time: 11:06:48
Num steps: 13900000   Return: -52265.8   Time: 11:10:13
Num steps: 14000000   Return: -52300.6   Time: 11:13:42
Num steps: 14100000   Return: -37929.1   Time: 11:17:13
Num steps: 14200000   Return: -52332.9   Time: 11:20:47
Num steps: 14300000   Return: -38337.5   Time: 11:24:12
Num steps: 14400000   Return: -44705.7   Time: 11:27:36
Num steps: 14500000   Return: -52346.2   Time: 11:31:03
Num steps: 14600000   Return: -52344.9   Time: 11:34:28
Num steps: 14700000   Return: -45552.8   Time: 11:37:45
Num steps: 14800000   Return: -38030.3   Time: 11:41:04
Num steps: 14900000   Return: -52320.6   Time: 11:44:16
Num steps: 15000000   Return: -44799.6   Time: 11:47:28
Num steps: 15100000   Return: -52306.9   Time: 11:50:38
Num steps: 15200000   Return: -44941.7   Time: 11:53:43
Num steps: 15300000   Return: -44758.7   Time: 11:56:52
Num steps: 15400000   Return: -47055.0   Time: 12:00:01
Num steps: 15500000   Return: -45925.3   Time: 12:03:10
Num steps: 15600000   Return: -45505.0   Time: 12:06:10
Num steps: 15700000   Return: -39300.5   Time: 12:09:05
Num steps: 15800000   Return: -38721.3   Time: 12:11:59
Num steps: 15900000   Return: -52233.1   Time: 12:14:58
Num steps: 16000000   Return: -45223.7   Time: 12:17:58
Num steps: 16100000   Return: -44804.1   Time: 12:20:52
Num steps: 16200000   Return: -52288.4   Time: 12:23:44
Num steps: 16300000   Return: -52286.2   Time: 12:26:40
Num steps: 16400000   Return: -45086.5   Time: 12:29:35
Num steps: 16500000   Return: -52310.8   Time: 12:32:30
Num steps: 16600000   Return: -38273.4   Time: 12:35:21
Num steps: 16700000   Return: -52295.6   Time: 12:38:19
Num steps: 16800000   Return: -52295.4   Time: 12:41:12
Num steps: 16900000   Return: -52305.4   Time: 12:44:04
Num steps: 17000000   Return: -46595.9   Time: 12:46:51
Num steps: 17100000   Return: -52316.0   Time: 12:49:41
Num steps: 17200000   Return: -52299.4   Time: 12:52:23
Num steps: 17300000   Return: -37187.1   Time: 12:55:07
Num steps: 17400000   Return: -39607.6   Time: 12:57:45
Num steps: 17500000   Return: -45246.5   Time: 13:00:24
Num steps: 17600000   Return: -46819.9   Time: 13:03:00
Num steps: 17700000   Return: -36564.8   Time: 13:05:35
Num steps: 17800000   Return: -52300.2   Time: 13:08:08
Num steps: 17900000   Return: -52333.9   Time: 13:10:44
Num steps: 18000000   Return: -52308.0   Time: 13:13:21
Num steps: 18100000   Return: -39936.0   Time: 13:15:55
Num steps: 18200000   Return: -42434.6   Time: 13:18:30
Num steps: 18300000   Return: -52280.8   Time: 13:21:05
Num steps: 18400000   Return: -52287.9   Time: 13:23:45
Num steps: 18500000   Return: -37835.2   Time: 13:26:23
Num steps: 18600000   Return: -46369.5   Time: 13:29:00
Num steps: 18700000   Return: -52371.3   Time: 13:31:33
Num steps: 18800000   Return: -44920.2   Time: 13:34:10
Num steps: 18900000   Return: -38915.4   Time: 13:36:51
Num steps: 19000000   Return: -39313.9   Time: 13:39:28
Num steps: 19100000   Return: -45492.8   Time: 13:42:07
Num steps: 19200000   Return: -52306.0   Time: 13:44:45
Num steps: 19300000   Return: -46138.7   Time: 13:47:22
Num steps: 19400000   Return: -32173.0   Time: 13:49:55
Num steps: 19500000   Return: -52289.7   Time: 13:52:32
Num steps: 19600000   Return: -52356.0   Time: 13:55:09
Num steps: 19700000   Return: -52299.8   Time: 13:57:43
Num steps: 19800000   Return: -52295.0   Time: 14:00:19
Num steps: 19900000   Return: -46576.9   Time: 14:02:53
Num steps: 20000000   Return: -52274.0   Time: 14:05:27
Num steps: 20100000   Return: -52276.3   Time: 14:07:56
Num steps: 20200000   Return: -48147.0   Time: 14:10:25
Num steps: 20300000   Return: -52262.1   Time: 14:12:51
Num steps: 20400000   Return: -52322.8   Time: 14:15:15
Num steps: 20500000   Return: -39245.5   Time: 14:17:38
Num steps: 20600000   Return: -39235.2   Time: 14:19:59
Num steps: 20700000   Return: -45012.6   Time: 14:22:22
Num steps: 20800000   Return: -45193.8   Time: 14:24:43
Num steps: 20900000   Return: -38309.7   Time: 14:27:04
Num steps: 21000000   Return: -52323.0   Time: 14:29:26
Num steps: 21100000   Return: -38105.4   Time: 14:31:45
Num steps: 21200000   Return: -52302.3   Time: 14:34:05
Num steps: 21300000   Return: -52305.8   Time: 14:36:22
Num steps: 21400000   Return: -52318.7   Time: 14:38:42
Num steps: 21500000   Return: -45229.0   Time: 14:41:00
Num steps: 21600000   Return: -46652.9   Time: 14:43:19
Num steps: 21700000   Return: -45172.6   Time: 14:45:37
Num steps: 21800000   Return: -37936.7   Time: 14:47:57
Num steps: 21900000   Return: -52224.2   Time: 14:50:19
Num steps: 22000000   Return: -52302.4   Time: 14:52:38
Num steps: 22100000   Return: -38148.0   Time: 14:54:54
Num steps: 22200000   Return: -52284.5   Time: 14:57:09
Num steps: 22300000   Return: -45883.5   Time: 14:59:25
Num steps: 22400000   Return: -52361.1   Time: 15:01:44
Num steps: 22500000   Return: -44775.2   Time: 15:04:00
Num steps: 22600000   Return: -37459.5   Time: 15:06:15
Num steps: 22700000   Return: -52282.6   Time: 15:08:30
Num steps: 22800000   Return: -46014.8   Time: 15:10:44
Num steps: 22900000   Return: -45653.6   Time: 15:12:56
Num steps: 23000000   Return: -52285.0   Time: 15:15:08
Num steps: 23100000   Return: -46349.2   Time: 15:17:20
Num steps: 23200000   Return: -45768.1   Time: 15:19:31
Num steps: 23300000   Return: -46156.0   Time: 15:21:39
Num steps: 23400000   Return: -44742.6   Time: 15:23:49
Num steps: 23500000   Return: -30062.0   Time: 15:25:55
Num steps: 23600000   Return: -52263.7   Time: 15:28:05
Num steps: 23700000   Return: -45147.0   Time: 15:30:17
Num steps: 23800000   Return: -36662.7   Time: 15:32:28
Num steps: 23900000   Return: -52310.7   Time: 15:34:38
Num steps: 24000000   Return: -42547.5   Time: 15:36:46
Num steps: 24100000   Return: -52297.7   Time: 15:38:57
Num steps: 24200000   Return: -52263.4   Time: 15:41:05
Num steps: 24300000   Return: -33797.9   Time: 15:43:11
Num steps: 24400000   Return: -44362.7   Time: 15:45:14
Num steps: 24500000   Return: -44982.3   Time: 15:47:18
Num steps: 24600000   Return: -45331.0   Time: 15:49:24
Num steps: 24700000   Return: -52327.2   Time: 15:51:31
Num steps: 24800000   Return: -52317.9   Time: 15:53:36
Num steps: 24900000   Return: -52301.3   Time: 15:55:40
Num steps: 25000000   Return: -45399.9   Time: 15:57:44
Num steps: 25100000   Return: -52301.2   Time: 15:59:50
Num steps: 25200000   Return: -52410.6   Time: 16:01:55
Num steps: 25300000   Return: -35801.9   Time: 16:03:58
Num steps: 25400000   Return: -46336.1   Time: 16:06:02
Num steps: 25500000   Return: -52353.3   Time: 16:08:09
Num steps: 25600000   Return: -52371.0   Time: 16:10:13
Num steps: 25700000   Return: -52349.9   Time: 16:12:17
Num steps: 25800000   Return: -52285.3   Time: 16:14:20
Num steps: 25900000   Return: -52250.2   Time: 16:16:24
Num steps: 26000000   Return: -45786.1   Time: 16:18:24
Num steps: 26100000   Return: -45744.7   Time: 16:20:26
Num steps: 26200000   Return: -36142.9   Time: 16:22:25
Num steps: 26300000   Return: -52288.4   Time: 16:24:21
Num steps: 26400000   Return: -52278.9   Time: 16:26:15
Num steps: 26500000   Return: -40096.6   Time: 16:28:12
Num steps: 26600000   Return: -45196.7   Time: 16:30:08
Num steps: 26700000   Return: -45131.0   Time: 16:32:05
Num steps: 26800000   Return: -52302.1   Time: 16:34:01
Num steps: 26900000   Return: -44076.3   Time: 16:35:59
Num steps: 27000000   Return: -52310.0   Time: 16:37:59
Num steps: 27100000   Return: -42796.0   Time: 16:40:01
Num steps: 27200000   Return: -52298.7   Time: 16:41:58
Num steps: 27300000   Return: -52294.3   Time: 16:43:54
Num steps: 27400000   Return: -44806.2   Time: 16:45:50
Num steps: 27500000   Return: -45463.3   Time: 16:47:47
Num steps: 27600000   Return: -52336.3   Time: 16:49:43
Num steps: 27700000   Return: -52325.8   Time: 16:51:39
Num steps: 27800000   Return: -38489.8   Time: 16:53:36
Num steps: 27900000   Return: -52310.6   Time: 16:55:34
Num steps: 28000000   Return: -42459.0   Time: 16:57:29
Num steps: 28100000   Return: -45245.3   Time: 16:59:25
Num steps: 28200000   Return: -45038.7   Time: 17:01:20
Num steps: 28300000   Return: -52263.8   Time: 17:03:14
Num steps: 28400000   Return: -31625.8   Time: 17:05:11
Num steps: 28500000   Return: -45149.0   Time: 17:07:08
Num steps: 28600000   Return: -44978.3   Time: 17:09:00
Num steps: 28700000   Return: -44540.1   Time: 17:10:55
Num steps: 28800000   Return: -23782.7   Time: 17:12:47
Num steps: 28900000   Return: -52337.7   Time: 17:14:43
Num steps: 29000000   Return: -45298.1   Time: 17:16:38
Num steps: 29100000   Return: -33329.8   Time: 17:18:32
Num steps: 29200000   Return: -52295.1   Time: 17:20:31
Num steps: 29300000   Return: -44949.4   Time: 17:22:28
Num steps: 29400000   Return: -52322.8   Time: 17:24:28
Num steps: 29500000   Return: -52314.1   Time: 17:26:29
Num steps: 29600000   Return: -44946.1   Time: 17:28:28
Num steps: 29700000   Return: -52257.9   Time: 17:30:29
Num steps: 29800000   Return: -52246.1   Time: 17:32:31
Num steps: 29900000   Return: -46253.7   Time: 17:34:30
Num steps: 30000000   Return: -37679.4   Time: 17:36:30
Num steps: 30100000   Return: -38141.6   Time: 17:38:29
Num steps: 30200000   Return: -45467.8   Time: 17:40:29
Num steps: 30300000   Return: -45102.5   Time: 17:42:30
Num steps: 30400000   Return: -52334.8   Time: 17:44:30
Num steps: 30500000   Return: -45147.4   Time: 17:46:31
Num steps: 30600000   Return: -46682.1   Time: 17:48:32
Num steps: 30700000   Return: -45782.6   Time: 17:50:32
Num steps: 30800000   Return: -37597.3   Time: 17:52:31
Num steps: 30900000   Return: -52335.7   Time: 17:54:28
Num steps: 31000000   Return: -46647.9   Time: 17:56:29
Num steps: 31100000   Return: -44946.9   Time: 17:58:27
Num steps: 31200000   Return: -44765.7   Time: 18:00:26
Num steps: 31300000   Return: -44977.0   Time: 18:02:26
Num steps: 31400000   Return: -52265.9   Time: 18:04:25
Num steps: 31500000   Return: -52279.7   Time: 18:06:27
Num steps: 31600000   Return: -45326.3   Time: 18:08:28
Num steps: 31700000   Return: -44859.3   Time: 18:10:27
Num steps: 31800000   Return: -38377.8   Time: 18:12:27
