Logging started at 20250428-1541
NVIDIA RTX A6000
Process ID: 1924924
Env: StickInsect-v4, experts/StickInsect_states_v1.pt, experts/StickInsect_actions_v1.pt, Seed: 0
Rollout length: 3000
Num steps: 2000000, Eval interval: 10000
Gamma: 0.995, Mix buffer: 1, Batch size: 64
lr_actor: 0.0001, lr_critic: 0.0001, lr_disc: 0.0001
Units Actor: (64, 64), Units Critic: (64, 64)
Units Disc R: (100, 100), Units Disc V: (100, 100)
Epoch ppo: 50, Epoch disc: 10
Clip Epsc: 0.2, Lambda: 0.97, Coef Ent: 0.01, Max Grad Norm: 10.0
Load data states: (2749, 47), actions: (2749, 18)
Expert data states: (2748, 47), actions: (2748, 18)
Expert buffer size: 2748
Initial state shape: (47,)
Num steps: 10000    Return: -343.2   Time: 0:00:15
Num steps: 20000    Return: -559.5   Time: 0:00:29
Num steps: 30000    Return: 515.3   Time: 0:00:43
Num steps: 40000    Return: 443.9   Time: 0:01:01
Num steps: 50000    Return: 1044.2   Time: 0:01:21
Num steps: 60000    Return: 1581.7   Time: 0:01:41
Num steps: 70000    Return: 1565.9   Time: 0:02:00
Num steps: 80000    Return: 918.9   Time: 0:02:20
Num steps: 90000    Return: 663.1   Time: 0:02:40
Num steps: 100000   Return: -198.1   Time: 0:02:59
Num steps: 110000   Return: -1627.0   Time: 0:03:18
Num steps: 120000   Return: -3140.1   Time: 0:03:38
Num steps: 130000   Return: -2148.5   Time: 0:03:56
Num steps: 140000   Return: -3666.6   Time: 0:04:15
Num steps: 150000   Return: -3412.6   Time: 0:04:35
Num steps: 160000   Return: -4041.7   Time: 0:04:54
Num steps: 170000   Return: -4043.5   Time: 0:05:14
Num steps: 180000   Return: -3634.1   Time: 0:05:34
Num steps: 190000   Return: -4052.1   Time: 0:05:53
Num steps: 200000   Return: -3444.0   Time: 0:06:13
Num steps: 210000   Return: -4467.3   Time: 0:06:33
Num steps: 220000   Return: -3739.4   Time: 0:06:51
Num steps: 230000   Return: -5265.4   Time: 0:07:11
Num steps: 240000   Return: -3917.7   Time: 0:07:29
Num steps: 250000   Return: -5116.7   Time: 0:07:49
Num steps: 260000   Return: -5390.9   Time: 0:08:08
Num steps: 270000   Return: -2618.5   Time: 0:08:25
Num steps: 280000   Return: -4836.5   Time: 0:08:45
Num steps: 290000   Return: -3433.2   Time: 0:09:04
Num steps: 300000   Return: -2923.6   Time: 0:09:50
Num steps: 310000   Return: -5767.1   Time: 0:10:26
Num steps: 320000   Return: -6413.6   Time: 0:10:44
Num steps: 330000   Return: -13365.6   Time: 0:11:07
Num steps: 340000   Return: -12365.6   Time: 0:11:29
Num steps: 350000   Return: -14422.3   Time: 0:11:51
Num steps: 360000   Return: -12565.7   Time: 0:12:11
Num steps: 370000   Return: -13371.2   Time: 0:12:33
Num steps: 380000   Return: -13279.3   Time: 0:12:54
Num steps: 390000   Return: -14692.1   Time: 0:13:16
Num steps: 400000   Return: -15326.5   Time: 0:13:41
Num steps: 410000   Return: -18467.4   Time: 0:14:02
Num steps: 420000   Return: -22350.8   Time: 0:14:25
Num steps: 430000   Return: -22087.1   Time: 0:14:48
Num steps: 440000   Return: -22117.4   Time: 0:15:09
Num steps: 450000   Return: -24003.8   Time: 0:15:33
Num steps: 460000   Return: -21391.6   Time: 0:15:57
Num steps: 470000   Return: -20268.0   Time: 0:16:20
Num steps: 480000   Return: -17056.8   Time: 0:16:42
Num steps: 490000   Return: -22146.1   Time: 0:17:03
Num steps: 500000   Return: -23057.7   Time: 0:17:26
Num steps: 510000   Return: -18046.5   Time: 0:17:46
Num steps: 520000   Return: -21277.6   Time: 0:18:10
Num steps: 530000   Return: -17528.7   Time: 0:18:32
Num steps: 540000   Return: -17163.3   Time: 0:18:54
Num steps: 550000   Return: -18382.8   Time: 0:19:14
Num steps: 560000   Return: -15292.1   Time: 0:19:34
Num steps: 570000   Return: -13768.8   Time: 0:19:54
Num steps: 580000   Return: -15192.0   Time: 0:20:16
Num steps: 590000   Return: -14630.3   Time: 0:20:37
Num steps: 600000   Return: -13674.4   Time: 0:20:58
Num steps: 610000   Return: -11382.8   Time: 0:21:19
Num steps: 620000   Return: -10201.1   Time: 0:21:39
Num steps: 630000   Return: -8415.7   Time: 0:22:00
Num steps: 640000   Return: -8815.2   Time: 0:22:20
Num steps: 650000   Return: -8624.1   Time: 0:22:41
Num steps: 660000   Return: -9586.5   Time: 0:23:03
Num steps: 670000   Return: -11967.5   Time: 0:23:24
Num steps: 680000   Return: -13640.4   Time: 0:23:44
Num steps: 690000   Return: -11922.0   Time: 0:24:05
Num steps: 700000   Return: -17743.8   Time: 0:24:27
Num steps: 710000   Return: -19487.5   Time: 0:24:49
Num steps: 720000   Return: -17901.4   Time: 0:25:08
Num steps: 730000   Return: -22562.3   Time: 0:25:29
Num steps: 740000   Return: -25594.7   Time: 0:25:50
Num steps: 750000   Return: -18872.6   Time: 0:26:12
Num steps: 760000   Return: -25231.2   Time: 0:26:34
Num steps: 770000   Return: -20005.9   Time: 0:26:54
Num steps: 780000   Return: -19743.6   Time: 0:27:14
Num steps: 790000   Return: -25956.8   Time: 0:27:35
Num steps: 800000   Return: -26180.6   Time: 0:27:56
Num steps: 810000   Return: -26000.1   Time: 0:28:19
Num steps: 820000   Return: -26957.9   Time: 0:28:41
Num steps: 830000   Return: -27231.3   Time: 0:29:02
Num steps: 840000   Return: -25426.7   Time: 0:29:25
Num steps: 850000   Return: -26522.5   Time: 0:29:46
Num steps: 860000   Return: -26109.0   Time: 0:30:08
Num steps: 870000   Return: -21027.6   Time: 0:30:29
Num steps: 880000   Return: -27400.0   Time: 0:30:50
Num steps: 890000   Return: -27694.3   Time: 0:31:12
Num steps: 900000   Return: -27691.8   Time: 0:31:33
Num steps: 910000   Return: -29132.3   Time: 0:31:53
Num steps: 920000   Return: -28897.3   Time: 0:32:16
Num steps: 930000   Return: -29676.0   Time: 0:32:38
Num steps: 940000   Return: -29159.4   Time: 0:32:59
Num steps: 950000   Return: -29267.3   Time: 0:33:20
Num steps: 960000   Return: -31104.0   Time: 0:33:43
Num steps: 970000   Return: -31497.6   Time: 0:34:05
Num steps: 980000   Return: -30898.1   Time: 0:34:26
Num steps: 990000   Return: -32382.2   Time: 0:34:51
Num steps: 1000000   Return: -32044.0   Time: 0:35:11
Num steps: 1010000   Return: -25198.3   Time: 0:35:31
Num steps: 1020000   Return: -30729.0   Time: 0:35:54
Num steps: 1030000   Return: -31167.6   Time: 0:36:16
Num steps: 1040000   Return: -25142.6   Time: 0:36:37
Num steps: 1050000   Return: -32141.6   Time: 0:36:59
Num steps: 1060000   Return: -31979.1   Time: 0:37:23
Num steps: 1070000   Return: -32068.9   Time: 0:37:48
Num steps: 1080000   Return: -33270.0   Time: 0:38:15
Num steps: 1090000   Return: -33899.1   Time: 0:38:35
Num steps: 1100000   Return: -34159.8   Time: 0:38:56
Num steps: 1110000   Return: -35862.4   Time: 0:39:16
Num steps: 1120000   Return: -34943.4   Time: 0:39:37
Num steps: 1130000   Return: -34270.7   Time: 0:39:59
Num steps: 1140000   Return: -34376.0   Time: 0:40:21
Num steps: 1150000   Return: -27477.3   Time: 0:40:40
Num steps: 1160000   Return: -33807.2   Time: 0:41:02
Num steps: 1170000   Return: -35892.5   Time: 0:41:29
Num steps: 1180000   Return: -36184.9   Time: 0:41:51
Num steps: 1190000   Return: -36825.0   Time: 0:42:11
Num steps: 1200000   Return: -22563.4   Time: 0:42:28
Num steps: 1210000   Return: -37910.9   Time: 0:42:48
Num steps: 1220000   Return: -39983.8   Time: 0:43:08
Num steps: 1230000   Return: -34918.7   Time: 0:43:27
Num steps: 1240000   Return: -45352.9   Time: 0:43:47
Num steps: 1250000   Return: -36935.0   Time: 0:44:05
Num steps: 1260000   Return: -46222.8   Time: 0:44:26
Num steps: 1270000   Return: -44943.4   Time: 0:44:46
Num steps: 1280000   Return: -44565.9   Time: 0:45:06
Num steps: 1290000   Return: -43159.5   Time: 0:45:26
Num steps: 1300000   Return: -44098.5   Time: 0:45:46
Num steps: 1310000   Return: -42706.9   Time: 0:46:06
Num steps: 1320000   Return: -33578.8   Time: 0:46:25
Num steps: 1330000   Return: -25010.4   Time: 0:46:42
Num steps: 1340000   Return: -41810.9   Time: 0:47:02
Num steps: 1350000   Return: -37828.8   Time: 0:47:22
Num steps: 1360000   Return: -35860.0   Time: 0:47:46
Num steps: 1370000   Return: -28904.1   Time: 0:48:33
Num steps: 1380000   Return: -35045.1   Time: 0:48:57
Num steps: 1390000   Return: -27289.1   Time: 0:49:18
Num steps: 1400000   Return: -25026.5   Time: 0:49:38
Num steps: 1410000   Return: -32410.2   Time: 0:50:01
Num steps: 1420000   Return: -32230.8   Time: 0:50:23
Num steps: 1430000   Return: -31103.3   Time: 0:50:44
Num steps: 1440000   Return: -32195.4   Time: 0:51:06
Num steps: 1450000   Return: -31977.6   Time: 0:51:28
Num steps: 1460000   Return: -25278.3   Time: 0:51:47
Num steps: 1470000   Return: -27081.8   Time: 0:52:11
Num steps: 1480000   Return: -27240.8   Time: 0:52:35
Num steps: 1490000   Return: -27843.7   Time: 0:52:56
Num steps: 1500000   Return: -21985.4   Time: 0:53:17
Num steps: 1510000   Return: -29262.0   Time: 0:53:39
Num steps: 1520000   Return: -30709.1   Time: 0:54:00
Num steps: 1530000   Return: -30858.0   Time: 0:54:23
Num steps: 1540000   Return: -31346.2   Time: 0:55:08
Num steps: 1550000   Return: -31740.6   Time: 0:55:35
Num steps: 1560000   Return: -31197.9   Time: 0:55:57
Num steps: 1570000   Return: -30601.8   Time: 0:56:17
Num steps: 1580000   Return: -30402.0   Time: 0:56:37
Num steps: 1590000   Return: -29132.3   Time: 0:56:59
Num steps: 1600000   Return: -29398.5   Time: 0:57:23
Num steps: 1610000   Return: -29202.2   Time: 0:57:44
Num steps: 1620000   Return: -27427.0   Time: 0:58:05
Num steps: 1630000   Return: -26063.1   Time: 0:58:27
Num steps: 1640000   Return: -23964.2   Time: 0:58:48
Num steps: 1650000   Return: -24127.4   Time: 0:59:13
Num steps: 1660000   Return: -22369.0   Time: 0:59:38
Num steps: 1670000   Return: -22224.6   Time: 1:00:01
Num steps: 1680000   Return: -20332.5   Time: 1:00:23
Num steps: 1690000   Return: -21371.9   Time: 1:00:47
Num steps: 1700000   Return: -20827.5   Time: 1:01:10
Num steps: 1710000   Return: -20486.2   Time: 1:01:32
Num steps: 1720000   Return: -17548.8   Time: 1:01:52
Num steps: 1730000   Return: -22877.7   Time: 1:02:14
Num steps: 1740000   Return: -23590.5   Time: 1:02:38
Num steps: 1750000   Return: -29568.0   Time: 1:03:03
Num steps: 1760000   Return: -25162.5   Time: 1:03:27
Num steps: 1770000   Return: -31098.5   Time: 1:03:51
Num steps: 1780000   Return: -25821.0   Time: 1:04:12
Num steps: 1790000   Return: -31650.6   Time: 1:04:37
Num steps: 1800000   Return: -32118.6   Time: 1:04:59
Num steps: 1810000   Return: -25304.2   Time: 1:05:20
Num steps: 1820000   Return: -32363.3   Time: 1:05:41
Num steps: 1830000   Return: -32730.4   Time: 1:06:02
Num steps: 1840000   Return: -33359.6   Time: 1:06:23
Num steps: 1850000   Return: -27662.2   Time: 1:06:43
Num steps: 1860000   Return: -35989.5   Time: 1:07:05
Num steps: 1870000   Return: -35731.3   Time: 1:07:26
Num steps: 1880000   Return: -37159.2   Time: 1:07:47
Num steps: 1890000   Return: -36489.4   Time: 1:08:10
Num steps: 1900000   Return: -29413.1   Time: 1:08:29
Num steps: 1910000   Return: -36784.5   Time: 1:08:51
Num steps: 1920000   Return: -38464.7   Time: 1:09:13
Num steps: 1930000   Return: -38044.1   Time: 1:09:35
Num steps: 1940000   Return: -37042.3   Time: 1:09:56
Num steps: 1950000   Return: -37855.6   Time: 1:10:20
Num steps: 1960000   Return: -37750.9   Time: 1:10:44
Num steps: 1970000   Return: -38476.4   Time: 1:11:07
Num steps: 1980000   Return: -39511.7   Time: 1:11:32
Num steps: 1990000   Return: -40062.1   Time: 1:11:55
Num steps: 2000000   Return: -41027.6   Time: 1:12:17
Models saved to logs/StickInsect-v4/airl/20250428-1541/model
