Logging started at 20250315-1418
NVIDIA RTX A6000
Process ID: 2187597
Env: Ant-v4, Ant_states.pt, Ant_actions.pt, Seed: 0
Rollout length: 1000
Num steps: 2000000, Eval interval: 10000
Gamma: 0.995, Mix buffer: 1, Batch size: 64
lr_actor: 0.0001, lr_critic: 0.0001, lr_disc: 0.0001
Units Actor: (64, 64), Units Critic: (64, 64)
Units Disc R: (100, 100), Units Disc V: (100, 100)
Epoch ppo: 50, Epoch disc: 10
Clip Epsc: 0.2, Lambda: 0.97, Coef Ent: 0.01, Max Grad Norm: 10.0
Load data states: (64, 1000, 27), actions: (64, 1000, 8)
Expert data states: (63936, 27), actions: (63936, 8)
Expert buffer size: 63936
Initial state shape: (27,)
Num steps: 10000    Return: 884.3   Time: 0:00:17
Num steps: 20000    Return: 752.5   Time: 0:00:32
Num steps: 30000    Return: 770.2   Time: 0:00:48
Num steps: 40000    Return: 797.6   Time: 0:01:05
Num steps: 50000    Return: 780.1   Time: 0:01:21
Num steps: 60000    Return: 803.6   Time: 0:01:37
Num steps: 70000    Return: 637.3   Time: 0:01:52
Num steps: 80000    Return: 710.8   Time: 0:02:09
Num steps: 90000    Return: 702.8   Time: 0:02:26
Num steps: 100000   Return: 580.0   Time: 0:02:42
Num steps: 110000   Return: 267.0   Time: 0:02:58
Num steps: 120000   Return: 204.0   Time: 0:03:14
Num steps: 130000   Return: 129.5   Time: 0:03:30
Num steps: 140000   Return: 53.2    Time: 0:03:46
Num steps: 150000   Return: -74.3   Time: 0:04:03
Num steps: 160000   Return: -91.7   Time: 0:04:19
Num steps: 170000   Return: -95.8   Time: 0:04:34
Num steps: 180000   Return: -90.4   Time: 0:04:50
Num steps: 190000   Return: -10.4   Time: 0:05:06
Num steps: 200000   Return: -106.1   Time: 0:05:21
Num steps: 210000   Return: -333.2   Time: 0:05:37
Num steps: 220000   Return: -274.5   Time: 0:05:53
Num steps: 230000   Return: -185.5   Time: 0:06:10
Num steps: 240000   Return: -224.2   Time: 0:06:25
Num steps: 250000   Return: -139.2   Time: 0:06:42
Num steps: 260000   Return: -40.9   Time: 0:06:59
Num steps: 270000   Return: -38.4   Time: 0:07:15
Num steps: 280000   Return: -111.8   Time: 0:07:31
Num steps: 290000   Return: -78.7   Time: 0:07:47
Num steps: 300000   Return: 107.2   Time: 0:08:03
Num steps: 310000   Return: 137.6   Time: 0:08:18
Num steps: 320000   Return: 122.6   Time: 0:08:35
Num steps: 330000   Return: 145.5   Time: 0:08:51
Num steps: 340000   Return: 241.2   Time: 0:09:08
Num steps: 350000   Return: 229.9   Time: 0:09:24
Num steps: 360000   Return: 188.8   Time: 0:09:40
Num steps: 370000   Return: 64.9    Time: 0:09:56
Num steps: 380000   Return: 202.7   Time: 0:10:11
Num steps: 390000   Return: 187.0   Time: 0:10:27
Num steps: 400000   Return: 89.7    Time: 0:10:43
Num steps: 410000   Return: 137.1   Time: 0:10:58
Num steps: 420000   Return: 88.3    Time: 0:11:14
Num steps: 430000   Return: 105.4   Time: 0:11:28
Num steps: 440000   Return: 231.3   Time: 0:11:45
Num steps: 450000   Return: 9.1     Time: 0:12:00
Num steps: 460000   Return: 329.6   Time: 0:12:16
Num steps: 470000   Return: 339.8   Time: 0:12:32
Num steps: 480000   Return: 126.2   Time: 0:12:48
Num steps: 490000   Return: 43.7    Time: 0:13:03
Num steps: 500000   Return: 720.3   Time: 0:13:20
Num steps: 510000   Return: 316.6   Time: 0:13:36
Num steps: 520000   Return: 232.8   Time: 0:13:53
Num steps: 530000   Return: 417.9   Time: 0:14:11
Num steps: 540000   Return: 443.4   Time: 0:14:30
Num steps: 550000   Return: 846.5   Time: 0:14:48
Num steps: 560000   Return: 1061.8   Time: 0:15:06
Num steps: 570000   Return: 985.5   Time: 0:15:26
Num steps: 580000   Return: 1238.0   Time: 0:15:43
Num steps: 590000   Return: 1434.1   Time: 0:16:00
Num steps: 600000   Return: 742.6   Time: 0:16:17
Num steps: 610000   Return: 914.8   Time: 0:16:34
Num steps: 620000   Return: 761.0   Time: 0:16:53
Num steps: 630000   Return: 681.7   Time: 0:17:09
Num steps: 640000   Return: 695.1   Time: 0:17:25
Num steps: 650000   Return: 1180.6   Time: 0:17:42
Num steps: 660000   Return: 1000.2   Time: 0:18:00
Num steps: 670000   Return: 465.7   Time: 0:18:21
Num steps: 680000   Return: 493.8   Time: 0:18:38
Num steps: 690000   Return: 1056.9   Time: 0:18:59
Num steps: 700000   Return: 1266.6   Time: 0:19:16
Num steps: 710000   Return: 911.1   Time: 0:19:34
Num steps: 720000   Return: 1112.5   Time: 0:19:53
Num steps: 730000   Return: 1605.4   Time: 0:20:13
Num steps: 740000   Return: 805.2   Time: 0:20:31
Num steps: 750000   Return: 698.1   Time: 0:20:47
Num steps: 760000   Return: 316.1   Time: 0:21:07
Num steps: 770000   Return: 1096.0   Time: 0:21:31
Num steps: 780000   Return: 639.0   Time: 0:21:49
Num steps: 790000   Return: 956.0   Time: 0:22:07
Num steps: 800000   Return: 256.7   Time: 0:22:26
Num steps: 810000   Return: 981.5   Time: 0:22:46
Num steps: 820000   Return: -14.4   Time: 0:23:05
Num steps: 830000   Return: 76.8    Time: 0:23:24
Num steps: 840000   Return: 322.2   Time: 0:23:44
Num steps: 850000   Return: 357.8   Time: 0:24:04
Num steps: 860000   Return: -85.1   Time: 0:24:23
Num steps: 870000   Return: 278.5   Time: 0:24:43
Num steps: 880000   Return: 438.7   Time: 0:25:02
Num steps: 890000   Return: 74.3    Time: 0:25:21
Num steps: 900000   Return: 457.7   Time: 0:25:38
Num steps: 910000   Return: 472.0   Time: 0:25:58
Num steps: 920000   Return: 1346.3   Time: 0:26:16
Num steps: 930000   Return: 635.7   Time: 0:26:33
Num steps: 940000   Return: 1498.0   Time: 0:26:51
Num steps: 950000   Return: 771.5   Time: 0:27:08
Num steps: 960000   Return: 14.1    Time: 0:27:27
Num steps: 970000   Return: 1192.3   Time: 0:27:48
Num steps: 980000   Return: 390.1   Time: 0:28:05
Num steps: 990000   Return: 1170.1   Time: 0:28:22
Num steps: 1000000   Return: 1240.9   Time: 0:28:40
Num steps: 1010000   Return: -156.9   Time: 0:28:58
Num steps: 1020000   Return: 1513.0   Time: 0:29:15
Num steps: 1030000   Return: 1161.3   Time: 0:29:34
Num steps: 1040000   Return: 2199.7   Time: 0:29:54
Num steps: 1050000   Return: 1795.2   Time: 0:30:11
Num steps: 1060000   Return: 1927.1   Time: 0:30:30
Num steps: 1070000   Return: 577.9   Time: 0:30:48
Num steps: 1080000   Return: 2280.3   Time: 0:31:06
Num steps: 1090000   Return: 1350.8   Time: 0:31:25
Num steps: 1100000   Return: 757.9   Time: 0:31:43
Num steps: 1110000   Return: 1204.5   Time: 0:32:00
Num steps: 1120000   Return: 1409.4   Time: 0:32:16
Num steps: 1130000   Return: 1265.0   Time: 0:32:36
Num steps: 1140000   Return: 676.7   Time: 0:32:53
Num steps: 1150000   Return: 2063.3   Time: 0:33:10
Num steps: 1160000   Return: 1107.1   Time: 0:33:28
Num steps: 1170000   Return: 264.2   Time: 0:33:47
Num steps: 1180000   Return: 434.9   Time: 0:34:06
Num steps: 1190000   Return: 1582.4   Time: 0:34:25
Num steps: 1200000   Return: 2430.2   Time: 0:34:42
Num steps: 1210000   Return: 584.6   Time: 0:35:01
Num steps: 1220000   Return: 1055.6   Time: 0:35:18
Num steps: 1230000   Return: 865.7   Time: 0:35:37
Num steps: 1240000   Return: 1505.8   Time: 0:35:56
Num steps: 1250000   Return: 1541.5   Time: 0:36:14
Num steps: 1260000   Return: 2252.3   Time: 0:36:33
Num steps: 1270000   Return: 2815.6   Time: 0:36:51
Num steps: 1280000   Return: 756.8   Time: 0:37:08
Num steps: 1290000   Return: 1306.6   Time: 0:37:23
Num steps: 1300000   Return: 2137.7   Time: 0:37:41
Num steps: 1310000   Return: 2121.5   Time: 0:37:58
Num steps: 1320000   Return: 1272.8   Time: 0:38:16
Num steps: 1330000   Return: 2337.5   Time: 0:38:34
Num steps: 1340000   Return: 1774.7   Time: 0:38:52
Num steps: 1350000   Return: 1516.6   Time: 0:39:09
Num steps: 1360000   Return: 935.5   Time: 0:39:25
Num steps: 1370000   Return: 2238.6   Time: 0:39:42
Num steps: 1380000   Return: 1996.5   Time: 0:40:00
Num steps: 1390000   Return: 1338.5   Time: 0:40:15
Num steps: 1400000   Return: 2052.3   Time: 0:40:32
Num steps: 1410000   Return: 1095.0   Time: 0:40:48
Num steps: 1420000   Return: 1456.5   Time: 0:41:04
Num steps: 1430000   Return: 510.1   Time: 0:41:18
Num steps: 1440000   Return: 1510.3   Time: 0:41:36
Num steps: 1450000   Return: 1084.8   Time: 0:41:55
Num steps: 1460000   Return: 1429.7   Time: 0:42:12
Num steps: 1470000   Return: 137.2   Time: 0:42:28
Num steps: 1480000   Return: 1300.5   Time: 0:42:45
Num steps: 1490000   Return: 1722.5   Time: 0:43:02
Num steps: 1500000   Return: 351.2   Time: 0:43:21
Num steps: 1510000   Return: 2451.5   Time: 0:43:38
Num steps: 1520000   Return: 1325.1   Time: 0:43:57
Num steps: 1530000   Return: 1722.4   Time: 0:44:12
Num steps: 1540000   Return: 2330.4   Time: 0:44:29
Num steps: 1550000   Return: 1999.5   Time: 0:44:47
Num steps: 1560000   Return: 1814.6   Time: 0:45:04
Num steps: 1570000   Return: 859.8   Time: 0:45:19
Num steps: 1580000   Return: 1298.5   Time: 0:45:34
Num steps: 1590000   Return: 1559.2   Time: 0:45:50
Num steps: 1600000   Return: 1264.4   Time: 0:46:08
Num steps: 1610000   Return: 1991.1   Time: 0:46:25
Num steps: 1620000   Return: 1898.5   Time: 0:46:41
Num steps: 1630000   Return: 1707.4   Time: 0:46:57
Num steps: 1640000   Return: 1689.1   Time: 0:47:13
Num steps: 1650000   Return: 2098.7   Time: 0:47:30
Num steps: 1660000   Return: 2329.1   Time: 0:47:48
Num steps: 1670000   Return: 1251.1   Time: 0:48:03
Num steps: 1680000   Return: 2195.0   Time: 0:48:21
Num steps: 1690000   Return: 1827.5   Time: 0:48:38
Num steps: 1700000   Return: 2051.5   Time: 0:48:55
Num steps: 1710000   Return: 1822.8   Time: 0:49:12
Num steps: 1720000   Return: 2217.9   Time: 0:49:30
Num steps: 1730000   Return: 1045.1   Time: 0:49:47
Num steps: 1740000   Return: 1554.7   Time: 0:50:04
Num steps: 1750000   Return: 2144.3   Time: 0:50:22
Num steps: 1760000   Return: 2352.0   Time: 0:50:39
Num steps: 1770000   Return: 1492.4   Time: 0:50:56
Num steps: 1780000   Return: 877.6   Time: 0:51:11
Num steps: 1790000   Return: 1887.3   Time: 0:51:28
Num steps: 1800000   Return: 1121.4   Time: 0:51:45
Num steps: 1810000   Return: 1296.7   Time: 0:52:00
Num steps: 1820000   Return: 1343.4   Time: 0:52:18
Num steps: 1830000   Return: 1015.6   Time: 0:52:32
Num steps: 1840000   Return: 1085.2   Time: 0:52:48
Num steps: 1850000   Return: 1357.0   Time: 0:53:04
Num steps: 1860000   Return: 1063.2   Time: 0:53:19
Num steps: 1870000   Return: 1436.9   Time: 0:53:35
Num steps: 1880000   Return: 2190.2   Time: 0:53:54
Num steps: 1890000   Return: 1466.5   Time: 0:54:11
Num steps: 1900000   Return: 681.4   Time: 0:54:25
Num steps: 1910000   Return: 2124.1   Time: 0:54:42
Num steps: 1920000   Return: 1807.9   Time: 0:54:59
Num steps: 1930000   Return: 1319.1   Time: 0:55:15
Num steps: 1940000   Return: 1943.4   Time: 0:55:31
Num steps: 1950000   Return: 1920.0   Time: 0:55:47
Num steps: 1960000   Return: 963.6   Time: 0:56:01
Num steps: 1970000   Return: 716.7   Time: 0:56:16
Num steps: 1980000   Return: 1353.3   Time: 0:56:32
Num steps: 1990000   Return: 1372.4   Time: 0:56:47
Num steps: 2000000   Return: 952.1   Time: 0:57:02
Models saved to logs/Ant-v4/airl/20250315-1418/model
