Logging started at 20250314-1353
NVIDIA RTX A6000
Process ID: 639945
Note: NumExpr detected 64 cores but "NUMEXPR_MAX_THREADS" not set, so enforcing safe limit of 8.
NumExpr defaulting to 8 threads.
Initial state shape: (27,)
Num steps: 10000    Return: 992.5   Time: 0:00:08
Num steps: 20000    Return: 563.0   Time: 0:01:54
Num steps: 30000    Return: 98.7    Time: 0:03:45
Num steps: 40000    Return: 398.6   Time: 0:05:40
Num steps: 50000    Return: 442.8   Time: 0:07:31
Num steps: 60000    Return: 429.3   Time: 0:09:20
Num steps: 70000    Return: 333.9   Time: 0:11:11
Num steps: 80000    Return: 650.7   Time: 0:13:03
Num steps: 90000    Return: 475.5   Time: 0:14:53
Num steps: 100000   Return: 1007.8   Time: 0:16:45
Num steps: 110000   Return: 784.7   Time: 0:18:32
Num steps: 120000   Return: 895.3   Time: 0:20:22
Num steps: 130000   Return: 775.9   Time: 0:22:07
Num steps: 140000   Return: 748.1   Time: 0:23:54
Num steps: 150000   Return: 1153.0   Time: 0:25:36
Num steps: 160000   Return: 1254.0   Time: 0:27:17
Num steps: 170000   Return: 1267.5   Time: 0:28:58
Num steps: 180000   Return: 1251.6   Time: 0:30:38
Num steps: 190000   Return: 289.0   Time: 0:32:18
Num steps: 200000   Return: 1556.2   Time: 0:34:01
Num steps: 210000   Return: 2078.8   Time: 0:35:50
Num steps: 220000   Return: 2507.4   Time: 0:37:36
Num steps: 230000   Return: 2089.7   Time: 0:39:28
Num steps: 240000   Return: 2260.6   Time: 0:41:15
Num steps: 250000   Return: 1144.3   Time: 0:42:56
Num steps: 260000   Return: 1432.7   Time: 0:44:38
Num steps: 270000   Return: 880.1   Time: 0:46:18
Num steps: 280000   Return: 1146.8   Time: 0:47:56
Num steps: 290000   Return: 890.6   Time: 0:49:36
Num steps: 300000   Return: 1862.7   Time: 0:51:14
Num steps: 310000   Return: 2481.9   Time: 0:52:54
Num steps: 320000   Return: 2578.8   Time: 0:54:34
Num steps: 330000   Return: 2661.6   Time: 0:56:13
Num steps: 340000   Return: 1818.5   Time: 0:57:51
Num steps: 350000   Return: 2849.7   Time: 0:59:30
Num steps: 360000   Return: 1912.9   Time: 1:01:07
Num steps: 370000   Return: 1703.3   Time: 1:02:46
Num steps: 380000   Return: 2728.9   Time: 1:04:26
Num steps: 390000   Return: 1296.5   Time: 1:06:01
Num steps: 400000   Return: 2981.8   Time: 1:07:40
Num steps: 410000   Return: 1816.5   Time: 1:09:18
Num steps: 420000   Return: 2204.8   Time: 1:10:56
Num steps: 430000   Return: 3246.2   Time: 1:12:31
Num steps: 440000   Return: 3439.2   Time: 1:14:09
Num steps: 450000   Return: 3269.4   Time: 1:15:58
Num steps: 460000   Return: 2448.9   Time: 1:17:51
Num steps: 470000   Return: 2039.0   Time: 1:19:50
Num steps: 480000   Return: 2710.8   Time: 1:21:50
Num steps: 490000   Return: 3005.7   Time: 1:23:50
Num steps: 500000   Return: 3550.2   Time: 1:25:50
Num steps: 510000   Return: 1970.9   Time: 1:27:49
Num steps: 520000   Return: 3403.0   Time: 1:29:49
Num steps: 530000   Return: 3160.0   Time: 1:31:51
Num steps: 540000   Return: 1391.6   Time: 1:33:48
Num steps: 550000   Return: 2204.2   Time: 1:35:48
Num steps: 560000   Return: 3044.3   Time: 1:37:48
Num steps: 570000   Return: 1656.8   Time: 1:39:46
Num steps: 580000   Return: 2889.0   Time: 1:41:45
Num steps: 590000   Return: 2349.1   Time: 1:43:45
Num steps: 600000   Return: 3006.9   Time: 1:45:46
Num steps: 610000   Return: 2781.7   Time: 1:47:47
Num steps: 620000   Return: 1906.9   Time: 1:49:46
Num steps: 630000   Return: 1745.7   Time: 1:51:45
Num steps: 640000   Return: 2577.7   Time: 1:53:45
Num steps: 650000   Return: 1918.9   Time: 1:55:44
Num steps: 660000   Return: 2186.4   Time: 1:57:44
Num steps: 670000   Return: 3029.6   Time: 1:59:47
Num steps: 680000   Return: 2399.1   Time: 2:01:46
Num steps: 690000   Return: 2234.6   Time: 2:03:46
Num steps: 700000   Return: 3072.2   Time: 2:05:51
Num steps: 710000   Return: 3629.5   Time: 2:07:53
Num steps: 720000   Return: 2046.1   Time: 2:09:54
Num steps: 730000   Return: 1740.6   Time: 2:11:55
Num steps: 740000   Return: 3107.6   Time: 2:13:57
Num steps: 750000   Return: 3727.7   Time: 2:16:00
Num steps: 760000   Return: 3808.1   Time: 2:18:03
Num steps: 770000   Return: 3293.1   Time: 2:20:05
Num steps: 780000   Return: 2202.0   Time: 2:22:07
Num steps: 790000   Return: 3630.2   Time: 2:24:09
Num steps: 800000   Return: 3460.7   Time: 2:26:11
Num steps: 810000   Return: 3191.3   Time: 2:28:11
Num steps: 820000   Return: 3267.1   Time: 2:30:13
Num steps: 830000   Return: 2651.5   Time: 2:32:13
Num steps: 840000   Return: 3210.1   Time: 2:34:15
Num steps: 850000   Return: 3989.4   Time: 2:36:18
Num steps: 860000   Return: 4014.2   Time: 2:38:19
Num steps: 870000   Return: 1953.9   Time: 2:40:06
Num steps: 880000   Return: 3511.2   Time: 2:41:46
Num steps: 890000   Return: 3134.6   Time: 2:43:28
Num steps: 900000   Return: 3284.9   Time: 2:45:11
Num steps: 910000   Return: 3199.7   Time: 2:46:57
Num steps: 920000   Return: 3267.6   Time: 2:48:42
Num steps: 930000   Return: 3759.2   Time: 2:50:39
Num steps: 940000   Return: 3416.5   Time: 2:52:40
Num steps: 950000   Return: 2456.6   Time: 2:54:39
Num steps: 960000   Return: 1945.4   Time: 2:56:38
Num steps: 970000   Return: 3963.8   Time: 2:58:40
Num steps: 980000   Return: 3575.0   Time: 3:00:42
Num steps: 990000   Return: 3887.9   Time: 3:02:42
Num steps: 1000000   Return: 3480.8   Time: 3:04:26
