Logging started at 20250426-0707
NVIDIA RTX A6000
Process ID: 1777707
Env: StickInsect-v4, experts/StickInsect_states.pt, experts/StickInsect_actions.pt, Seed: 0
Rollout length: 1000
Num steps: 2000000, Eval interval: 10000
Gamma: 0.995, Mix buffer: 1, Batch size: 64
lr_actor: 3e-06, lr_critic: 3e-06, lr_disc: 3e-06
Units Actor: (64, 64), Units Critic: (64, 64)
Units Disc R: (100, 100), Units Disc V: (100, 100)
Epoch ppo: 50, Epoch disc: 10
Clip Epsc: 0.2, Lambda: 0.97, Coef Ent: 0.01, Max Grad Norm: 10.0
Load data states: (5208, 47), actions: (5208, 18)
Expert data states: (5207, 47), actions: (5207, 18)
Expert buffer size: 5207
Initial state shape: (47,)
Num steps: 10000    Return: -276.0   Time: 0:00:18
Num steps: 20000    Return: -314.3   Time: 0:00:37
Num steps: 30000    Return: -227.8   Time: 0:00:55
Num steps: 40000    Return: -100.1   Time: 0:01:12
Num steps: 50000    Return: -247.8   Time: 0:01:30
Num steps: 60000    Return: -178.9   Time: 0:01:48
Num steps: 70000    Return: -195.6   Time: 0:02:06
Num steps: 80000    Return: -173.2   Time: 0:02:23
Num steps: 90000    Return: -127.9   Time: 0:02:41
Num steps: 100000   Return: -108.1   Time: 0:02:59
Num steps: 110000   Return: -30.4   Time: 0:03:16
Num steps: 120000   Return: -34.2   Time: 0:03:35
Num steps: 130000   Return: 7.1     Time: 0:03:52
Num steps: 140000   Return: 47.1    Time: 0:04:11
Num steps: 150000   Return: 77.7    Time: 0:04:29
Num steps: 160000   Return: 127.0   Time: 0:04:48
Num steps: 170000   Return: 131.3   Time: 0:05:05
Num steps: 180000   Return: 142.0   Time: 0:05:23
Num steps: 190000   Return: 156.1   Time: 0:05:41
Num steps: 200000   Return: 176.3   Time: 0:05:59
Num steps: 210000   Return: 63.1    Time: 0:06:16
Num steps: 220000   Return: 279.8   Time: 0:06:35
Num steps: 230000   Return: 181.8   Time: 0:06:53
Num steps: 240000   Return: 311.6   Time: 0:07:10
Num steps: 250000   Return: 256.4   Time: 0:07:28
Num steps: 260000   Return: 244.4   Time: 0:07:47
Num steps: 270000   Return: 232.1   Time: 0:08:05
Num steps: 280000   Return: 191.9   Time: 0:08:23
Num steps: 290000   Return: 216.0   Time: 0:08:42
Num steps: 300000   Return: 289.5   Time: 0:09:00
Num steps: 310000   Return: 285.2   Time: 0:09:18
Num steps: 320000   Return: 306.1   Time: 0:09:36
Num steps: 330000   Return: 291.9   Time: 0:09:54
Num steps: 340000   Return: 331.8   Time: 0:10:11
Num steps: 350000   Return: 346.0   Time: 0:10:30
Num steps: 360000   Return: 339.5   Time: 0:10:48
Num steps: 370000   Return: 356.6   Time: 0:11:06
Num steps: 380000   Return: 451.8   Time: 0:11:24
Num steps: 390000   Return: 369.3   Time: 0:11:42
Num steps: 400000   Return: 478.6   Time: 0:12:00
Num steps: 410000   Return: 397.4   Time: 0:12:18
Num steps: 420000   Return: 371.4   Time: 0:12:36
Num steps: 430000   Return: 437.4   Time: 0:12:54
Num steps: 440000   Return: 429.4   Time: 0:13:12
Num steps: 450000   Return: 477.5   Time: 0:13:30
Num steps: 460000   Return: 638.2   Time: 0:13:48
Num steps: 470000   Return: 493.5   Time: 0:14:07
Num steps: 480000   Return: 545.7   Time: 0:14:25
Num steps: 490000   Return: 570.0   Time: 0:14:43
Num steps: 500000   Return: 576.6   Time: 0:15:01
Num steps: 510000   Return: 618.8   Time: 0:15:19
Num steps: 520000   Return: 599.1   Time: 0:15:37
Num steps: 530000   Return: 587.4   Time: 0:15:55
Num steps: 540000   Return: 582.6   Time: 0:16:13
Num steps: 550000   Return: 574.9   Time: 0:16:30
Num steps: 560000   Return: 665.1   Time: 0:16:48
Num steps: 570000   Return: 648.2   Time: 0:17:06
Num steps: 580000   Return: 592.9   Time: 0:17:24
Num steps: 590000   Return: 613.7   Time: 0:17:42
Num steps: 600000   Return: 612.9   Time: 0:18:01
Num steps: 610000   Return: 663.1   Time: 0:18:18
Num steps: 620000   Return: 623.9   Time: 0:18:36
Num steps: 630000   Return: 693.0   Time: 0:18:53
Num steps: 640000   Return: 636.2   Time: 0:19:11
Num steps: 650000   Return: 621.7   Time: 0:19:29
Num steps: 660000   Return: 635.2   Time: 0:19:48
Num steps: 670000   Return: 688.4   Time: 0:20:06
Num steps: 680000   Return: 702.7   Time: 0:20:23
Num steps: 690000   Return: 634.2   Time: 0:20:42
Num steps: 700000   Return: 655.6   Time: 0:21:00
Num steps: 710000   Return: 658.8   Time: 0:21:17
Num steps: 720000   Return: 642.0   Time: 0:21:34
Num steps: 730000   Return: 669.3   Time: 0:21:52
Num steps: 740000   Return: 684.7   Time: 0:22:09
Num steps: 750000   Return: 602.5   Time: 0:22:27
Num steps: 760000   Return: 670.3   Time: 0:22:45
Num steps: 770000   Return: 636.5   Time: 0:23:03
Num steps: 780000   Return: 505.1   Time: 0:23:21
Num steps: 790000   Return: 580.2   Time: 0:23:39
Num steps: 800000   Return: 587.9   Time: 0:23:56
Num steps: 810000   Return: 645.4   Time: 0:24:14
Num steps: 820000   Return: 572.9   Time: 0:24:32
Num steps: 830000   Return: 519.9   Time: 0:24:50
Num steps: 840000   Return: 690.6   Time: 0:25:09
Num steps: 850000   Return: 646.1   Time: 0:25:26
Num steps: 860000   Return: 601.6   Time: 0:25:44
Num steps: 870000   Return: 526.0   Time: 0:26:02
Num steps: 880000   Return: 609.7   Time: 0:26:20
Num steps: 890000   Return: 528.2   Time: 0:26:38
Num steps: 900000   Return: 618.4   Time: 0:26:56
Num steps: 910000   Return: 576.7   Time: 0:27:14
Num steps: 920000   Return: 528.7   Time: 0:27:31
Num steps: 930000   Return: 494.3   Time: 0:27:50
Num steps: 940000   Return: 485.1   Time: 0:28:08
Num steps: 950000   Return: 421.1   Time: 0:28:26
Num steps: 960000   Return: 458.9   Time: 0:28:43
Num steps: 970000   Return: 436.3   Time: 0:29:02
Num steps: 980000   Return: 364.5   Time: 0:29:20
Num steps: 990000   Return: 361.9   Time: 0:29:38
Num steps: 1000000   Return: 315.6   Time: 0:29:56
Num steps: 1010000   Return: 282.9   Time: 0:30:14
Num steps: 1020000   Return: 283.6   Time: 0:30:32
Num steps: 1030000   Return: 256.4   Time: 0:30:50
Num steps: 1040000   Return: 325.8   Time: 0:31:08
Num steps: 1050000   Return: 239.2   Time: 0:31:26
Num steps: 1060000   Return: 264.1   Time: 0:31:44
Num steps: 1070000   Return: 361.0   Time: 0:32:01
Num steps: 1080000   Return: 300.6   Time: 0:32:19
Num steps: 1090000   Return: 141.3   Time: 0:32:37
Num steps: 1100000   Return: 144.3   Time: 0:32:54
Num steps: 1110000   Return: 106.8   Time: 0:33:12
Num steps: 1120000   Return: 68.8    Time: 0:33:30
Num steps: 1130000   Return: 63.0    Time: 0:33:48
Num steps: 1140000   Return: 55.6    Time: 0:34:05
Num steps: 1150000   Return: -27.1   Time: 0:34:23
Num steps: 1160000   Return: 4.9     Time: 0:34:41
Num steps: 1170000   Return: -69.4   Time: 0:35:00
Num steps: 1180000   Return: -134.4   Time: 0:35:18
Num steps: 1190000   Return: -29.6   Time: 0:35:35
Num steps: 1200000   Return: -204.5   Time: 0:35:54
Num steps: 1210000   Return: -162.1   Time: 0:36:11
Num steps: 1220000   Return: -258.2   Time: 0:36:29
Num steps: 1230000   Return: -365.1   Time: 0:36:47
Num steps: 1240000   Return: -381.0   Time: 0:37:05
Num steps: 1250000   Return: -476.9   Time: 0:37:23
Num steps: 1260000   Return: -485.8   Time: 0:37:41
Num steps: 1270000   Return: -505.4   Time: 0:37:59
Num steps: 1280000   Return: -342.1   Time: 0:38:17
Num steps: 1290000   Return: -530.2   Time: 0:38:35
Num steps: 1300000   Return: -540.2   Time: 0:38:53
Num steps: 1310000   Return: -590.5   Time: 0:39:11
Num steps: 1320000   Return: -600.3   Time: 0:39:29
Num steps: 1330000   Return: -565.2   Time: 0:39:47
Num steps: 1340000   Return: -653.5   Time: 0:40:05
Num steps: 1350000   Return: -755.3   Time: 0:40:23
Num steps: 1360000   Return: -760.9   Time: 0:40:41
Num steps: 1370000   Return: -894.7   Time: 0:41:00
Num steps: 1380000   Return: -846.6   Time: 0:41:17
Num steps: 1390000   Return: -892.6   Time: 0:41:35
Num steps: 1400000   Return: -787.6   Time: 0:41:54
Num steps: 1410000   Return: -1051.2   Time: 0:42:12
Num steps: 1420000   Return: -1122.6   Time: 0:42:30
Num steps: 1430000   Return: -1275.5   Time: 0:42:48
Num steps: 1440000   Return: -1449.7   Time: 0:43:06
Num steps: 1450000   Return: -1403.5   Time: 0:43:24
Num steps: 1460000   Return: -1232.8   Time: 0:43:42
Num steps: 1470000   Return: -1465.2   Time: 0:44:00
Num steps: 1480000   Return: -1299.8   Time: 0:44:17
Num steps: 1490000   Return: -1762.8   Time: 0:44:35
Num steps: 1500000   Return: -1349.2   Time: 0:44:53
Num steps: 1510000   Return: -1671.8   Time: 0:45:11
Num steps: 1520000   Return: -1733.5   Time: 0:45:28
Num steps: 1530000   Return: -1693.2   Time: 0:45:47
Num steps: 1540000   Return: -1853.5   Time: 0:46:05
Num steps: 1550000   Return: -1551.5   Time: 0:46:23
Num steps: 1560000   Return: -1664.6   Time: 0:46:41
Num steps: 1570000   Return: -1909.4   Time: 0:46:59
Num steps: 1580000   Return: -1585.5   Time: 0:47:17
Num steps: 1590000   Return: -1850.4   Time: 0:47:35
Num steps: 1600000   Return: -1671.0   Time: 0:47:53
Num steps: 1610000   Return: -1437.5   Time: 0:48:10
Num steps: 1620000   Return: -1864.1   Time: 0:48:28
Num steps: 1630000   Return: -1780.4   Time: 0:48:46
Num steps: 1640000   Return: -1810.0   Time: 0:49:04
Num steps: 1650000   Return: -1581.9   Time: 0:49:21
Num steps: 1660000   Return: -1958.7   Time: 0:49:39
Num steps: 1670000   Return: -1843.7   Time: 0:49:57
Num steps: 1680000   Return: -1439.9   Time: 0:50:15
Num steps: 1690000   Return: -1829.7   Time: 0:50:34
Num steps: 1700000   Return: -1930.2   Time: 0:50:52
Num steps: 1710000   Return: -1939.5   Time: 0:51:10
Num steps: 1720000   Return: -1665.8   Time: 0:51:28
Num steps: 1730000   Return: -1829.2   Time: 0:51:46
Num steps: 1740000   Return: -1826.1   Time: 0:52:04
Num steps: 1750000   Return: -1351.4   Time: 0:52:21
Num steps: 1760000   Return: -1799.9   Time: 0:52:39
Num steps: 1770000   Return: -1829.8   Time: 0:52:58
Num steps: 1780000   Return: -1980.0   Time: 0:53:16
Num steps: 1790000   Return: -2014.5   Time: 0:53:34
Num steps: 1800000   Return: -1841.3   Time: 0:53:52
Num steps: 1810000   Return: -1921.6   Time: 0:54:10
Num steps: 1820000   Return: -1563.1   Time: 0:54:27
Num steps: 1830000   Return: -1861.7   Time: 0:54:46
Num steps: 1840000   Return: -1681.6   Time: 0:55:03
Num steps: 1850000   Return: -1879.5   Time: 0:55:21
Num steps: 1860000   Return: -1678.6   Time: 0:55:39
Num steps: 1870000   Return: -1911.7   Time: 0:55:57
Num steps: 1880000   Return: -1772.9   Time: 0:56:15
Num steps: 1890000   Return: -1769.1   Time: 0:56:33
Num steps: 1900000   Return: -1864.4   Time: 0:56:50
Num steps: 1910000   Return: -1731.2   Time: 0:57:08
Num steps: 1920000   Return: -1892.2   Time: 0:57:26
Num steps: 1930000   Return: -1883.1   Time: 0:57:45
Num steps: 1940000   Return: -1920.6   Time: 0:58:03
Num steps: 1950000   Return: -1804.1   Time: 0:58:22
Num steps: 1960000   Return: -1745.0   Time: 0:58:40
Num steps: 1970000   Return: -1792.8   Time: 0:58:58
Num steps: 1980000   Return: -1769.5   Time: 0:59:16
Num steps: 1990000   Return: -1648.4   Time: 0:59:34
Num steps: 2000000   Return: -1664.7   Time: 0:59:51
Models saved to logs/StickInsect-v4/airl/20250426-0707/model
