Logging started at 20250429-1149
NVIDIA RTX A6000
Process ID: 2700160
Note: NumExpr detected 64 cores but "NUMEXPR_MAX_THREADS" not set, so enforcing safe limit of 8.
NumExpr defaulting to 8 threads.
Initial state shape: (47,)
Num steps: 10000    Return: -4211.1   Time: 0:00:24
Num steps: 20000    Return: -56925.2   Time: 0:02:36
Num steps: 30000    Return: -2960.6   Time: 0:04:42
Num steps: 40000    Return: -6521.6   Time: 0:06:54
Num steps: 50000    Return: 16306.0   Time: 0:08:39
Num steps: 60000    Return: -8582.7   Time: 0:10:40
Num steps: 70000    Return: -494.6   Time: 0:12:50
Num steps: 80000    Return: 24972.4   Time: 0:15:02
Num steps: 90000    Return: -28245.2   Time: 0:17:03
Num steps: 100000   Return: -149705.6   Time: 0:19:16
Num steps: 110000   Return: 8847.5   Time: 0:21:26
Num steps: 120000   Return: -34242.4   Time: 0:23:39
Num steps: 130000   Return: -96128.1   Time: 0:25:50
Num steps: 140000   Return: -6161.1   Time: 0:27:52
Num steps: 150000   Return: 23318.8   Time: 0:29:53
Num steps: 160000   Return: -13596.5   Time: 0:31:57
Num steps: 170000   Return: -11715.7   Time: 0:34:10
Num steps: 180000   Return: -21871.8   Time: 0:36:14
Num steps: 190000   Return: 54452.7   Time: 0:38:18
Num steps: 200000   Return: -22138.4   Time: 0:40:14
Num steps: 210000   Return: 20124.3   Time: 0:42:20
Num steps: 220000   Return: -2892.5   Time: 0:43:58
Num steps: 230000   Return: 10733.0   Time: 0:45:44
Num steps: 240000   Return: 32241.8   Time: 0:47:39
Num steps: 250000   Return: 42202.8   Time: 0:49:43
Num steps: 260000   Return: 33519.9   Time: 0:51:29
Num steps: 270000   Return: -30862.4   Time: 0:53:28
Num steps: 280000   Return: 21652.2   Time: 0:55:12
Num steps: 290000   Return: -37665.0   Time: 0:56:55
Num steps: 300000   Return: 19280.5   Time: 0:58:40
Num steps: 310000   Return: 8266.1   Time: 1:00:25
Num steps: 320000   Return: -4384.3   Time: 1:02:20
Num steps: 330000   Return: -2356.3   Time: 1:04:19
Num steps: 340000   Return: 67448.6   Time: 1:06:32
Num steps: 350000   Return: 9798.9   Time: 1:08:35
Num steps: 360000   Return: 11330.1   Time: 1:10:24
Num steps: 370000   Return: -5681.8   Time: 1:12:27
Num steps: 380000   Return: -21285.2   Time: 1:14:30
Num steps: 390000   Return: 16622.1   Time: 1:16:37
Num steps: 400000   Return: 8634.9   Time: 1:18:37
Num steps: 410000   Return: -649.9   Time: 1:20:37
Num steps: 420000   Return: -114171.3   Time: 1:22:54
Num steps: 430000   Return: -14451.4   Time: 1:25:08
Num steps: 440000   Return: 24.1    Time: 1:27:25
Num steps: 450000   Return: -16999.3   Time: 1:29:22
Num steps: 460000   Return: -14130.4   Time: 1:31:23
Num steps: 470000   Return: -15434.7   Time: 1:33:34
Num steps: 480000   Return: -16411.6   Time: 1:35:41
Num steps: 490000   Return: -46796.4   Time: 1:37:59
Num steps: 500000   Return: 18392.0   Time: 1:40:12
Num steps: 510000   Return: -28028.8   Time: 1:42:06
Num steps: 520000   Return: -11501.7   Time: 1:44:08
Num steps: 530000   Return: 30047.2   Time: 1:46:23
Num steps: 540000   Return: -47982.1   Time: 1:48:16
Num steps: 550000   Return: 53891.0   Time: 1:50:13
Num steps: 560000   Return: 43071.9   Time: 1:52:21
Num steps: 570000   Return: -2686.0   Time: 1:54:12
Num steps: 580000   Return: 2335.2   Time: 1:56:26
Num steps: 590000   Return: 15331.9   Time: 1:58:46
Num steps: 600000   Return: 29748.1   Time: 2:01:02
Num steps: 610000   Return: -11617.4   Time: 2:03:21
Num steps: 620000   Return: 9102.1   Time: 2:05:34
Num steps: 630000   Return: 15342.1   Time: 2:07:54
Num steps: 640000   Return: 32714.1   Time: 2:10:10
Num steps: 650000   Return: 6189.5   Time: 2:12:12
Num steps: 660000   Return: -14515.0   Time: 2:14:11
Num steps: 670000   Return: 18649.4   Time: 2:16:29
Num steps: 680000   Return: 26786.3   Time: 2:18:45
Num steps: 690000   Return: -2218.4   Time: 2:20:59
Num steps: 700000   Return: -22818.3   Time: 2:23:00
Num steps: 710000   Return: 51306.9   Time: 2:25:02
Num steps: 720000   Return: -11874.3   Time: 2:27:23
Num steps: 730000   Return: -27744.5   Time: 2:29:44
Num steps: 740000   Return: -38862.7   Time: 2:31:56
Num steps: 750000   Return: 40503.3   Time: 2:33:46
Num steps: 760000   Return: 17797.5   Time: 2:35:37
Num steps: 770000   Return: 5174.2   Time: 2:37:17
Num steps: 780000   Return: -16655.2   Time: 2:39:28
Num steps: 790000   Return: -47790.3   Time: 2:41:41
Num steps: 800000   Return: 7964.3   Time: 2:43:39
Num steps: 810000   Return: 51605.8   Time: 2:45:55
Num steps: 820000   Return: 22334.0   Time: 2:48:08
Num steps: 830000   Return: 17246.2   Time: 2:50:12
Num steps: 840000   Return: -35562.2   Time: 2:52:29
Num steps: 850000   Return: -26117.1   Time: 2:54:46
Num steps: 860000   Return: -23296.3   Time: 2:56:38
Num steps: 870000   Return: 40822.3   Time: 2:58:27
Num steps: 880000   Return: 65735.5   Time: 3:00:39
Num steps: 890000   Return: 34973.5   Time: 3:02:42
Num steps: 900000   Return: 6298.0   Time: 3:04:29
Num steps: 910000   Return: 21883.8   Time: 3:06:29
Num steps: 920000   Return: 57949.3   Time: 3:08:46
Num steps: 930000   Return: -34162.1   Time: 3:11:04
Num steps: 940000   Return: 26493.4   Time: 3:13:12
Num steps: 950000   Return: 235.1   Time: 3:14:57
Num steps: 960000   Return: 10326.2   Time: 3:17:04
Num steps: 970000   Return: 49891.4   Time: 3:19:20
Num steps: 980000   Return: 24467.1   Time: 3:21:39
Num steps: 990000   Return: 46625.7   Time: 3:23:52
Num steps: 1000000   Return: -47568.9   Time: 3:26:11
